39.3300 	EXP 	Created window1 = Window(allowGUI=False, allowStencil=False, args=UNKNOWN, autoLog=True, bitsMode=UNKNOWN, blendMode='avg', color=array([-1., -1., -1.]), colorSpace='rgb', fullscr=<method-wrapper '__getattribute__' of attributeSetter object at 0x09946EF0>, gamma=None, kwargs=UNKNOWN, lms=UNKNOWN, monitor=<psychopy.monitors.calibTools.Monitor object at 0x0CB060B0>, multiSample=False, name='window1', numSamples=2, pos=[0.0, 0.0], screen=0, size=array([800, 600]), stereo=False, units='height', useFBO=True, useRetina=False, viewOri=0.0, viewPos=None, viewScale=None, waitBlanking=True, winType='pyglet')
39.3301 	EXP 	window1: recordFrameIntervals = False
39.4848 	EXP 	window1: recordFrameIntervals = True
39.6571 	EXP 	window1: recordFrameIntervals = False
39.8047 	EXP 	Created text = TextStim(__class__=<class 'psychopy.visual.text.TextStim'>, alignHoriz='center', alignVert='center', antialias=True, autoLog=True, bold=False, color='white', colorSpace='named', contrast=1.0, depth=0.0, flipHoriz=False, flipVert=False, font='Arial', fontFiles=[], height=0.08, italic=False, languageStyle='LTR', name='text', opacity=1.0, ori=0, pos=array([0., 0.]), rgb=array([255., 255., 255.]), text=str(...), units='height', win=Window(...), wrapWidth=1)
39.8274 	EXP 	Created text_2 = TextStim(__class__=<class 'psychopy.visual.text.TextStim'>, alignHoriz='center', alignVert='center', antialias=True, autoLog=True, bold=False, color='white', colorSpace='named', contrast=1.0, depth=0.0, flipHoriz=False, flipVert=False, font='Arial', fontFiles=[], height=0.08, italic=False, languageStyle='LTR', name='text_2', opacity=1.0, ori=0, pos=array([0., 0.]), rgb=array([255., 255., 255.]), text=str(...), units='height', win=Window(...), wrapWidth=1)
39.8596 	EXP 	Created text_3 = TextStim(__class__=<class 'psychopy.visual.text.TextStim'>, alignHoriz='center', alignVert='center', antialias=True, autoLog=True, bold=False, color='white', colorSpace='named', contrast=1.0, depth=0.0, flipHoriz=False, flipVert=False, font='Arial', fontFiles=[], height=0.08, italic=False, languageStyle='LTR', name='text_3', opacity=1.0, ori=0, pos=array([0., 0.]), rgb=array([255., 255., 255.]), text=str(...), units='height', win=Window(...), wrapWidth=1)
39.8657 	EXP 	Created polygon_3 = ShapeStim(__class__=<class 'psychopy.visual.shape.ShapeStim'>, autoDraw=False, autoLog=True, closeShape=True, contrast=1.0, depth=0.0, fillColor=array([1., 1., 1.]), fillColorSpace='rgb', interpolate=True, lineColor=array([1., 1., 1.]), lineColorSpace='rgb', lineWidth=1, name='polygon_3', opacity=0.2, ori=array(0.), pos=array([0., 0.]), size=array([1., 1.]), units='height', vertices=ndarray(...), win=Window(...), windingRule=None)
39.8700 	EXP 	Created image_2 = ImageStim(__class__=<class 'psychopy.visual.image.ImageStim'>, autoLog=True, color=array([1., 1., 1.]), colorSpace='rgb', contrast=1.0, depth=0.0, flipHoriz=False, flipVert=False, image='sin', interpolate=True, mask=None, maskParams=None, name='image_2', opacity=1.0, ori=0.0, pos=array([0., 0.]), size=array([1., 1.]), texRes=128, units='height', win=Window(...))
39.8722 	EXP 	Created image_4 = ImageStim(__class__=<class 'psychopy.visual.image.ImageStim'>, autoLog=True, color=array([1., 1., 1.]), colorSpace='rgb', contrast=1.0, depth=0.0, flipHoriz=False, flipVert=False, image='sin', interpolate=True, mask=None, maskParams=None, name='image_4', opacity=1.0, ori=0.0, pos=array([0., 0.]), size=array([1., 1.]), texRes=128, units='height', win=Window(...))
39.8737 	EXP 	Created polygon = ShapeStim(__class__=<class 'psychopy.visual.shape.ShapeStim'>, autoDraw=False, autoLog=True, closeShape=True, contrast=1.0, depth=0.0, fillColor=array([1., 1., 1.]), fillColorSpace='rgb', interpolate=True, lineColor=array([1., 1., 1.]), lineColorSpace='rgb', lineWidth=1, name='polygon', opacity=0.2, ori=array(0.), pos=array([0., 0.]), size=array([0.05, 0.05]), units='height', vertices=ndarray(...), win=Window(...), windingRule=None)
39.8758 	EXP 	Created image_3 = ImageStim(__class__=<class 'psychopy.visual.image.ImageStim'>, autoLog=True, color=array([1., 1., 1.]), colorSpace='rgb', contrast=1.0, depth=0.0, flipHoriz=False, flipVert=False, image='sin', interpolate=True, mask=None, maskParams=None, name='image_3', opacity=1.0, ori=0.0, pos=array([0., 0.]), size=array([1., 1.]), texRes=128, units='height', win=Window(...))
39.8779 	EXP 	Created image_5 = ImageStim(__class__=<class 'psychopy.visual.image.ImageStim'>, autoLog=True, color=array([1., 1., 1.]), colorSpace='rgb', contrast=1.0, depth=0.0, flipHoriz=False, flipVert=False, image='sin', interpolate=True, mask=None, maskParams=None, name='image_5', opacity=1.0, ori=0.0, pos=array([0., 0.]), size=array([1., 1.]), texRes=128, units='height', win=Window(...))
39.8800 	EXP 	Created image = ImageStim(__class__=<class 'psychopy.visual.image.ImageStim'>, autoLog=True, color=array([1., 1., 1.]), colorSpace='rgb', contrast=1.0, depth=0.0, flipHoriz=False, flipVert=False, image='sin', interpolate=True, mask=None, maskParams=None, name='image', opacity=1.0, ori=0.0, pos=array([0., 0.]), size=array([1., 1.]), texRes=128, units='height', win=Window(...))
39.8821 	EXP 	Created image_2 = ImageStim(__class__=<class 'psychopy.visual.image.ImageStim'>, autoLog=True, color=array([1., 1., 1.]), colorSpace='rgb', contrast=1.0, depth=0.0, flipHoriz=False, flipVert=False, image='sin', interpolate=True, mask=None, maskParams=None, name='image_2', opacity=1.0, ori=0.0, pos=array([0., 0.]), size=array([1., 1.]), texRes=128, units='height', win=Window(...))
39.8843 	EXP 	Created image_4 = ImageStim(__class__=<class 'psychopy.visual.image.ImageStim'>, autoLog=True, color=array([1., 1., 1.]), colorSpace='rgb', contrast=1.0, depth=0.0, flipHoriz=False, flipVert=False, image='sin', interpolate=True, mask=None, maskParams=None, name='image_4', opacity=1.0, ori=0.0, pos=array([0., 0.]), size=array([1., 1.]), texRes=128, units='height', win=Window(...))
39.8858 	EXP 	Created polygon = ShapeStim(__class__=<class 'psychopy.visual.shape.ShapeStim'>, autoDraw=False, autoLog=True, closeShape=True, contrast=1.0, depth=0.0, fillColor=array([1., 1., 1.]), fillColorSpace='rgb', interpolate=True, lineColor=array([1., 1., 1.]), lineColorSpace='rgb', lineWidth=1, name='polygon', opacity=0.2, ori=array(0.), pos=array([0., 0.]), size=array([0.05, 0.05]), units='height', vertices=ndarray(...), win=Window(...), windingRule=None)
39.8879 	EXP 	Created image_3 = ImageStim(__class__=<class 'psychopy.visual.image.ImageStim'>, autoLog=True, color=array([1., 1., 1.]), colorSpace='rgb', contrast=1.0, depth=0.0, flipHoriz=False, flipVert=False, image='sin', interpolate=True, mask=None, maskParams=None, name='image_3', opacity=1.0, ori=0.0, pos=array([0., 0.]), size=array([1., 1.]), texRes=128, units='height', win=Window(...))
39.8901 	EXP 	Created image_5 = ImageStim(__class__=<class 'psychopy.visual.image.ImageStim'>, autoLog=True, color=array([1., 1., 1.]), colorSpace='rgb', contrast=1.0, depth=0.0, flipHoriz=False, flipVert=False, image='sin', interpolate=True, mask=None, maskParams=None, name='image_5', opacity=1.0, ori=0.0, pos=array([0., 0.]), size=array([1., 1.]), texRes=128, units='height', win=Window(...))
39.8920 	EXP 	Created image = ImageStim(__class__=<class 'psychopy.visual.image.ImageStim'>, autoLog=True, color=array([1., 1., 1.]), colorSpace='rgb', contrast=1.0, depth=0.0, flipHoriz=False, flipVert=False, image='sin', interpolate=True, mask=None, maskParams=None, name='image', opacity=1.0, ori=0.0, pos=array([0., 0.]), size=array([1., 1.]), texRes=128, units='height', win=Window(...))
39.8933 	EXP 	Created polygon_2 = ShapeStim(__class__=<class 'psychopy.visual.shape.ShapeStim'>, autoDraw=False, autoLog=True, closeShape=True, contrast=1.0, depth=0.0, fillColor=array([1., 1., 1.]), fillColorSpace='rgb', interpolate=True, lineColor=array([1., 1., 1.]), lineColorSpace='rgb', lineWidth=1, name='polygon_2', opacity=0.0, ori=array(0.), pos=array([0., 0.]), size=array([1., 1.]), units='height', vertices=ndarray(...), win=Window(...), windingRule=None)
39.9221 	EXP 	text: autoDraw = True
42.6103 	DATA 	Keypress: c
42.6257 	EXP 	text: autoDraw = False
42.6257 	EXP 	text_2: autoDraw = True
45.0936 	DATA 	Keypress: c
45.1090 	EXP 	text_2: autoDraw = False
45.1090 	EXP 	text_3: autoDraw = True
48.3604 	DATA 	Keypress: c
48.3749 	EXP 	text_3: autoDraw = False
48.3749 	EXP 	polygon_3: autoDraw = True
54.6729 	DATA 	Keypress: c
66.8446 	DATA 	Keypress: s
66.8627 	EXP 	Imported sad.csv as conditions, 10 conditions, 2 params
66.8632 	EXP 	Created sequence: random, trialTypes=10, nReps=1, seed=None
66.8636 	EXP 	New trial (rep=0, index=0): OrderedDict([('stimulus', 'POFA/fMRI_POFA/086a.tif'), ('gender', 'f')])
66.9062 	EXP 	polygon_3: autoDraw = False
66.9062 	EXP 	image_2: image = 'POFA/fMRI_POFA/086a.tif'
66.9062 	EXP 	image_2: autoDraw = True
68.0325 	DATA 	Keypress: c
69.8621 	EXP 	New trial (rep=0, index=1): OrderedDict([('stimulus', 'POFA/fMRI_POFA/049a.tif'), ('gender', 'f')])
69.9221 	EXP 	image_2: autoDraw = False
69.9221 	EXP 	image_2: image = 'POFA/fMRI_POFA/049a.tif'
69.9221 	EXP 	image_2: autoDraw = True
70.7514 	DATA 	Keypress: c
72.8617 	EXP 	New trial (rep=0, index=2): OrderedDict([('stimulus', 'POFA/fMRI_POFA/033a-sad.tif'), ('gender', 'm')])
72.9220 	EXP 	image_2: autoDraw = False
72.9220 	EXP 	image_2: image = 'POFA/fMRI_POFA/033a-sad.tif'
72.9220 	EXP 	image_2: autoDraw = True
73.5327 	DATA 	Keypress: b
73.7984 	DATA 	Keypress: b
75.8614 	EXP 	New trial (rep=0, index=3): OrderedDict([('stimulus', 'POFA/fMRI_POFA/067a.tif'), ('gender', 'f')])
75.9220 	EXP 	image_2: autoDraw = False
75.9220 	EXP 	image_2: image = 'POFA/fMRI_POFA/067a.tif'
75.9220 	EXP 	image_2: autoDraw = True
76.5326 	DATA 	Keypress: c
78.8617 	EXP 	New trial (rep=0, index=4): OrderedDict([('stimulus', 'POFA/fMRI_POFA/023a.tif'), ('gender', 'm')])
78.9220 	EXP 	image_2: autoDraw = False
78.9220 	EXP 	image_2: image = 'POFA/fMRI_POFA/023a.tif'
78.9220 	EXP 	image_2: autoDraw = True
79.6421 	DATA 	Keypress: b
79.8923 	DATA 	Keypress: b
81.8615 	EXP 	New trial (rep=0, index=5): OrderedDict([('stimulus', 'POFA/fMRI_POFA/002a.tif'), ('gender', 'f')])
81.9220 	EXP 	image_2: autoDraw = False
81.9220 	EXP 	image_2: image = 'POFA/fMRI_POFA/002a.tif'
81.9220 	EXP 	image_2: autoDraw = True
82.5328 	DATA 	Keypress: c
84.8618 	EXP 	New trial (rep=0, index=6): OrderedDict([('stimulus', 'POFA/fMRI_POFA/008a.tif'), ('gender', 'f')])
84.9221 	EXP 	image_2: autoDraw = False
84.9221 	EXP 	image_2: image = 'POFA/fMRI_POFA/008a.tif'
84.9221 	EXP 	image_2: autoDraw = True
85.7046 	DATA 	Keypress: c
87.8620 	EXP 	New trial (rep=0, index=7): OrderedDict([('stimulus', 'POFA/fMRI_POFA/015a.tif'), ('gender', 'm')])
87.9224 	EXP 	image_2: autoDraw = False
87.9224 	EXP 	image_2: image = 'POFA/fMRI_POFA/015a.tif'
87.9224 	EXP 	image_2: autoDraw = True
88.6266 	DATA 	Keypress: b
88.8927 	DATA 	Keypress: b
90.8616 	EXP 	New trial (rep=0, index=8): OrderedDict([('stimulus', 'POFA/fMRI_POFA/058a.tif'), ('gender', 'f')])
90.9065 	EXP 	image_2: autoDraw = False
90.9065 	EXP 	image_2: image = 'POFA/fMRI_POFA/058a.tif'
90.9065 	EXP 	image_2: autoDraw = True
91.5328 	DATA 	Keypress: c
93.8617 	EXP 	New trial (rep=0, index=9): OrderedDict([('stimulus', 'POFA/fMRI_POFA/094a.tif'), ('gender', 'f')])
93.9068 	EXP 	image_2: autoDraw = False
93.9068 	EXP 	image_2: image = 'POFA/fMRI_POFA/094a.tif'
93.9068 	EXP 	image_2: autoDraw = True
94.5485 	DATA 	Keypress: c
96.8768 	EXP 	Imported neutral.csv as conditions, 10 conditions, 2 params
96.8773 	EXP 	Created sequence: random, trialTypes=10, nReps=1, seed=None
96.8778 	EXP 	New trial (rep=0, index=0): OrderedDict([('stimulus', 'POFA/fMRI_POFA/072a.tif'), ('gender', 'f')])
96.9225 	EXP 	image_2: autoDraw = False
96.9225 	EXP 	image_4: image = 'POFA/fMRI_POFA/072a.tif'
96.9225 	EXP 	image_4: autoDraw = True
97.5798 	DATA 	Keypress: c
99.8624 	EXP 	New trial (rep=0, index=1): OrderedDict([('stimulus', 'POFA/fMRI_POFA/028a.tif'), ('gender', 'm')])
99.9066 	EXP 	image_4: autoDraw = False
99.9066 	EXP 	image_4: image = 'POFA/fMRI_POFA/028a.tif'
99.9066 	EXP 	image_4: autoDraw = True
100.6892 	DATA 	Keypress: b
100.9393 	DATA 	Keypress: b
102.8465 	EXP 	New trial (rep=0, index=2): OrderedDict([('stimulus', 'POFA/fMRI_POFA/047a.tif'), ('gender', 'f')])
102.8911 	EXP 	image_4: autoDraw = False
102.8911 	EXP 	image_4: image = 'POFA/fMRI_POFA/047a.tif'
102.8911 	EXP 	image_4: autoDraw = True
103.6893 	DATA 	Keypress: c
105.8465 	EXP 	New trial (rep=0, index=3): OrderedDict([('stimulus', 'POFA/fMRI_POFA/083a.tif'), ('gender', 'm')])
105.8912 	EXP 	image_4: autoDraw = False
105.8912 	EXP 	image_4: image = 'POFA/fMRI_POFA/083a.tif'
105.8912 	EXP 	image_4: autoDraw = True
106.7361 	DATA 	Keypress: b
106.9707 	DATA 	Keypress: b
108.8454 	EXP 	New trial (rep=0, index=4): OrderedDict([('stimulus', 'POFA/fMRI_POFA/006a.tif'), ('gender', 'f')])
108.8755 	EXP 	image_4: autoDraw = False
108.8755 	EXP 	image_4: autoDraw = False
108.8755 	EXP 	image_4: image = 'POFA/fMRI_POFA/006a.tif'
108.8755 	EXP 	image_4: autoDraw = True
110.0330 	DATA 	Keypress: c
111.8465 	EXP 	New trial (rep=0, index=5): OrderedDict([('stimulus', 'POFA/fMRI_POFA/033a.tif'), ('gender', 'm')])
111.8912 	EXP 	image_4: autoDraw = False
111.8912 	EXP 	image_4: image = 'POFA/fMRI_POFA/033a.tif'
111.8912 	EXP 	image_4: autoDraw = True
112.4862 	DATA 	Keypress: b
112.7518 	DATA 	Keypress: b
114.8466 	EXP 	New trial (rep=0, index=6): OrderedDict([('stimulus', 'POFA/fMRI_POFA/013a.tif'), ('gender', 'f')])
114.8912 	EXP 	image_4: autoDraw = False
114.8912 	EXP 	image_4: image = 'POFA/fMRI_POFA/013a.tif'
114.8912 	EXP 	image_4: autoDraw = True
115.6581 	DATA 	Keypress: c
117.8469 	EXP 	New trial (rep=0, index=7): OrderedDict([('stimulus', 'POFA/fMRI_POFA/021a.tif'), ('gender', 'm')])
117.8913 	EXP 	image_4: autoDraw = False
117.8913 	EXP 	image_4: image = 'POFA/fMRI_POFA/021a.tif'
117.8913 	EXP 	image_4: autoDraw = True
118.5800 	DATA 	Keypress: b
118.8303 	DATA 	Keypress: b
120.8467 	EXP 	New trial (rep=0, index=8): OrderedDict([('stimulus', 'POFA/fMRI_POFA/056a.tif'), ('gender', 'f')])
120.8913 	EXP 	image_4: autoDraw = False
120.8913 	EXP 	image_4: image = 'POFA/fMRI_POFA/056a.tif'
120.8913 	EXP 	image_4: autoDraw = True
121.5644 	DATA 	Keypress: c
123.8467 	EXP 	New trial (rep=0, index=9): OrderedDict([('stimulus', 'POFA/fMRI_POFA/041a.tif'), ('gender', 'm')])
123.8914 	EXP 	image_4: autoDraw = False
123.8914 	EXP 	image_4: image = 'POFA/fMRI_POFA/041a.tif'
123.8914 	EXP 	image_4: autoDraw = True
124.7051 	DATA 	Keypress: b
124.9239 	DATA 	Keypress: b
126.8623 	EXP 	Imported blank.csv as conditions, 10 conditions, 2 params
126.8632 	EXP 	Created sequence: random, trialTypes=10, nReps=1, seed=None
126.8641 	EXP 	New trial (rep=0, index=0): OrderedDict([('x', 0.4), ('y', 0.4)])
126.8759 	EXP 	image_4: autoDraw = False
126.8759 	EXP 	polygon: pos = array([0.4, 0.4])
126.8759 	EXP 	polygon: autoDraw = True
127.9708 	DATA 	Keypress: c
129.8472 	EXP 	New trial (rep=0, index=1): OrderedDict([('x', -0.2), ('y', -0.4)])
129.8610 	EXP 	polygon: autoDraw = False
129.8610 	EXP 	polygon: pos = array([-0.2, -0.4])
129.8610 	EXP 	polygon: autoDraw = True
130.5646 	DATA 	Keypress: b
130.7991 	DATA 	Keypress: b
132.8468 	EXP 	New trial (rep=0, index=2): OrderedDict([('x', -0.4), ('y', 0.0)])
132.8609 	EXP 	polygon: autoDraw = False
132.8609 	EXP 	polygon: pos = array([-0.4,  0. ])
132.8609 	EXP 	polygon: autoDraw = True
133.6273 	DATA 	Keypress: c
135.8469 	EXP 	New trial (rep=0, index=3): OrderedDict([('x', 0.2), ('y', 0.0)])
135.8609 	EXP 	polygon: autoDraw = False
135.8609 	EXP 	polygon: pos = array([0.2, 0. ])
135.8609 	EXP 	polygon: autoDraw = True
136.2990 	DATA 	Keypress: b
136.5338 	DATA 	Keypress: b
138.8469 	EXP 	New trial (rep=0, index=4): OrderedDict([('x', 0.4), ('y', -0.2)])
138.8611 	EXP 	polygon: autoDraw = False
138.8611 	EXP 	polygon: pos = array([ 0.4, -0.2])
138.8611 	EXP 	polygon: autoDraw = True
139.3303 	DATA 	Keypress: c
141.8471 	EXP 	New trial (rep=0, index=5): OrderedDict([('x', -0.4), ('y', 0.2)])
141.8610 	EXP 	polygon: autoDraw = False
141.8610 	EXP 	polygon: pos = array([-0.4,  0.2])
141.8610 	EXP 	polygon: autoDraw = True
142.3460 	DATA 	Keypress: b
142.5805 	DATA 	Keypress: b
144.8470 	EXP 	New trial (rep=0, index=6): OrderedDict([('x', 0.0), ('y', 0.2)])
144.8610 	EXP 	polygon: autoDraw = False
144.8610 	EXP 	polygon: pos = array([0. , 0.2])
144.8610 	EXP 	polygon: autoDraw = True
145.2846 	DATA 	Keypress: c
147.8470 	EXP 	New trial (rep=0, index=7): OrderedDict([('x', 0.0), ('y', 0.4)])
147.8611 	EXP 	polygon: autoDraw = False
147.8611 	EXP 	polygon: pos = array([0. , 0.4])
147.8611 	EXP 	polygon: autoDraw = True
148.3304 	DATA 	Keypress: b
148.5338 	DATA 	Keypress: b
150.8471 	EXP 	New trial (rep=0, index=8): OrderedDict([('x', 0.2), ('y', -0.4)])
150.8611 	EXP 	polygon: autoDraw = False
150.8611 	EXP 	polygon: pos = array([ 0.2, -0.4])
150.8611 	EXP 	polygon: autoDraw = True
151.3618 	DATA 	Keypress: c
153.8471 	EXP 	New trial (rep=0, index=9): OrderedDict([('x', -0.2), ('y', -0.2)])
153.8612 	EXP 	polygon: autoDraw = False
153.8612 	EXP 	polygon: pos = array([-0.2, -0.2])
153.8612 	EXP 	polygon: autoDraw = True
154.4244 	DATA 	Keypress: b
154.6744 	DATA 	Keypress: b
156.8634 	EXP 	Imported angry.csv as conditions, 10 conditions, 2 params
156.8644 	EXP 	Created sequence: random, trialTypes=10, nReps=1, seed=None
156.8653 	EXP 	New trial (rep=0, index=0): OrderedDict([('stimulus', 'POFA/fMRI_POFA/061a.tif'), ('gender', 'f')])
156.9076 	EXP 	polygon: autoDraw = False
156.9076 	EXP 	image_3: image = 'POFA/fMRI_POFA/061a.tif'
156.9076 	EXP 	image_3: autoDraw = True
157.7213 	DATA 	Keypress: c
159.8476 	EXP 	New trial (rep=0, index=1): OrderedDict([('stimulus', 'POFA/fMRI_POFA/018a.tif'), ('gender', 'm')])
159.9075 	EXP 	image_3: autoDraw = False
159.9075 	EXP 	image_3: image = 'POFA/fMRI_POFA/018a.tif'
159.9075 	EXP 	image_3: autoDraw = True
160.5807 	DATA 	Keypress: b
160.8307 	DATA 	Keypress: b
162.8472 	EXP 	New trial (rep=0, index=2): OrderedDict([('stimulus', 'POFA/fMRI_POFA/003a.tif'), ('gender', 'f')])
162.8919 	EXP 	image_3: autoDraw = False
162.8919 	EXP 	image_3: image = 'POFA/fMRI_POFA/003a.tif'
162.8919 	EXP 	image_3: autoDraw = True
163.7369 	DATA 	Keypress: c
165.8472 	EXP 	New trial (rep=0, index=3): OrderedDict([('stimulus', 'POFA/fMRI_POFA/038a.tif'), ('gender', 'm')])
165.9075 	EXP 	image_3: autoDraw = False
165.9075 	EXP 	image_3: image = 'POFA/fMRI_POFA/038a.tif'
165.9075 	EXP 	image_3: autoDraw = True
166.6901 	DATA 	Keypress: b
166.9247 	DATA 	Keypress: b
168.8473 	EXP 	New trial (rep=0, index=4): OrderedDict([('stimulus', 'POFA/fMRI_POFA/025a.tif'), ('gender', 'm')])
168.9079 	EXP 	image_3: autoDraw = False
168.9079 	EXP 	image_3: image = 'POFA/fMRI_POFA/025a.tif'
168.9079 	EXP 	image_3: autoDraw = True
170.0495 	DATA 	Keypress: b
170.3006 	DATA 	Keypress: b
171.8473 	EXP 	New trial (rep=0, index=5): OrderedDict([('stimulus', 'POFA/fMRI_POFA/053a.tif'), ('gender', 'f')])
171.9077 	EXP 	image_3: autoDraw = False
171.9077 	EXP 	image_3: image = 'POFA/fMRI_POFA/053a.tif'
171.9077 	EXP 	image_3: autoDraw = True
172.7216 	DATA 	Keypress: c
174.8473 	EXP 	New trial (rep=0, index=6): OrderedDict([('stimulus', 'POFA/fMRI_POFA/030a.tif'), ('gender', 'm')])
174.8920 	EXP 	image_3: autoDraw = False
174.8920 	EXP 	image_3: image = 'POFA/fMRI_POFA/030a.tif'
174.8920 	EXP 	image_3: autoDraw = True
175.5809 	DATA 	Keypress: b
175.8154 	DATA 	Keypress: b
177.8474 	EXP 	New trial (rep=0, index=7): OrderedDict([('stimulus', 'POFA/fMRI_POFA/069a.tif'), ('gender', 'f')])
177.8922 	EXP 	image_3: autoDraw = False
177.8922 	EXP 	image_3: image = 'POFA/fMRI_POFA/069a.tif'
177.8922 	EXP 	image_3: autoDraw = True
178.8465 	DATA 	Keypress: c
180.8474 	EXP 	New trial (rep=0, index=8): OrderedDict([('stimulus', 'POFA/fMRI_POFA/044a.tif'), ('gender', 'f')])
180.8922 	EXP 	image_3: autoDraw = False
180.8922 	EXP 	image_3: image = 'POFA/fMRI_POFA/044a.tif'
180.8922 	EXP 	image_3: autoDraw = True
182.2215 	DATA 	Keypress: c
183.8475 	EXP 	New trial (rep=0, index=9): OrderedDict([('stimulus', 'POFA/fMRI_POFA/010a.tif'), ('gender', 'f')])
183.8921 	EXP 	image_3: autoDraw = False
183.8921 	EXP 	image_3: image = 'POFA/fMRI_POFA/010a.tif'
183.8921 	EXP 	image_3: autoDraw = True
185.0028 	DATA 	Keypress: c
186.8640 	EXP 	Imported scrambled.csv as conditions, 10 conditions, 2 params
186.8650 	EXP 	Created sequence: random, trialTypes=10, nReps=1, seed=None
186.8659 	EXP 	New trial (rep=0, index=0): OrderedDict([('stimulus', 'POFA/fMRI_POFA/072c.tif'), ('gender', 'f')])
186.9080 	EXP 	image_3: autoDraw = False
186.9080 	EXP 	image_5: image = 'POFA/fMRI_POFA/072c.tif'
186.9080 	EXP 	image_5: autoDraw = True
188.1747 	DATA 	Keypress: b
188.4405 	DATA 	Keypress: b
189.8479 	EXP 	New trial (rep=0, index=1): OrderedDict([('stimulus', 'POFA/fMRI_POFA/033c.tif'), ('gender', 'm')])
189.8877 	EXP 	image_5: autoDraw = False
189.8877 	EXP 	image_5: image = 'POFA/fMRI_POFA/033c.tif'
189.8877 	EXP 	image_5: autoDraw = True
190.6131 	DATA 	Keypress: c
192.8476 	EXP 	New trial (rep=0, index=2): OrderedDict([('stimulus', 'POFA/fMRI_POFA/006c.tif'), ('gender', 'f')])
192.8923 	EXP 	image_5: autoDraw = False
192.8923 	EXP 	image_5: image = 'POFA/fMRI_POFA/006c.tif'
192.8923 	EXP 	image_5: autoDraw = True
193.6446 	DATA 	Keypress: b
193.8942 	DATA 	Keypress: b
195.8476 	EXP 	New trial (rep=0, index=3): OrderedDict([('stimulus', 'POFA/fMRI_POFA/083c.tif'), ('gender', 'm')])
195.8923 	EXP 	image_5: autoDraw = False
195.8923 	EXP 	image_5: image = 'POFA/fMRI_POFA/083c.tif'
195.8923 	EXP 	image_5: autoDraw = True
196.5500 	DATA 	Keypress: c
198.8477 	EXP 	New trial (rep=0, index=4): OrderedDict([('stimulus', 'POFA/fMRI_POFA/006c.tif'), ('gender', 'f')])
198.8924 	EXP 	image_5: autoDraw = False
198.8924 	EXP 	image_5: image = 'POFA/fMRI_POFA/006c.tif'
198.8924 	EXP 	image_5: autoDraw = True
199.4717 	DATA 	Keypress: b
199.7373 	DATA 	Keypress: b
201.8477 	EXP 	New trial (rep=0, index=5): OrderedDict([('stimulus', 'POFA/fMRI_POFA/021c.tif'), ('gender', 'm')])
201.8925 	EXP 	image_5: autoDraw = False
201.8925 	EXP 	image_5: image = 'POFA/fMRI_POFA/021c.tif'
201.8925 	EXP 	image_5: autoDraw = True
202.3155 	DATA 	Keypress: c
204.8477 	EXP 	New trial (rep=0, index=6): OrderedDict([('stimulus', 'POFA/fMRI_POFA/033c.tif'), ('gender', 'm')])
204.8924 	EXP 	image_5: autoDraw = False
204.8924 	EXP 	image_5: image = 'POFA/fMRI_POFA/033c.tif'
204.8924 	EXP 	image_5: autoDraw = True
205.4249 	DATA 	Keypress: b
205.6907 	DATA 	Keypress: b
207.8478 	EXP 	New trial (rep=0, index=7): OrderedDict([('stimulus', 'POFA/fMRI_POFA/013c.tif'), ('gender', 'f')])
207.8926 	EXP 	image_5: autoDraw = False
207.8926 	EXP 	image_5: image = 'POFA/fMRI_POFA/013c.tif'
207.8926 	EXP 	image_5: autoDraw = True
208.2689 	DATA 	Keypress: c
210.8478 	EXP 	New trial (rep=0, index=8): OrderedDict([('stimulus', 'POFA/fMRI_POFA/013c.tif'), ('gender', 'f')])
210.8926 	EXP 	image_5: autoDraw = False
210.8926 	EXP 	image_5: image = 'POFA/fMRI_POFA/013c.tif'
210.8926 	EXP 	image_5: autoDraw = True
213.8476 	EXP 	New trial (rep=0, index=9): OrderedDict([('stimulus', 'POFA/fMRI_POFA/021c.tif'), ('gender', 'm')])
213.8926 	EXP 	image_5: autoDraw = False
213.8926 	EXP 	image_5: image = 'POFA/fMRI_POFA/021c.tif'
213.8926 	EXP 	image_5: autoDraw = True
214.5032 	DATA 	Keypress: b
214.7535 	DATA 	Keypress: b
216.8639 	EXP 	Imported happy.csv as conditions, 10 conditions, 2 params
216.8648 	EXP 	Created sequence: random, trialTypes=10, nReps=1, seed=None
216.8657 	EXP 	New trial (rep=0, index=0): OrderedDict([('stimulus', 'POFA/fMRI_POFA/093a.tif'), ('gender', 'f')])
216.9084 	EXP 	image_5: autoDraw = False
216.9084 	EXP 	image: image = 'POFA/fMRI_POFA/093a.tif'
216.9084 	EXP 	image: autoDraw = True
217.9562 	DATA 	Keypress: c
219.8483 	EXP 	New trial (rep=0, index=1): OrderedDict([('stimulus', 'POFA/fMRI_POFA/014a.tif'), ('gender', 'm')])
219.9082 	EXP 	image: autoDraw = False
219.9082 	EXP 	image: image = 'POFA/fMRI_POFA/014a.tif'
219.9082 	EXP 	image: autoDraw = True
220.6439 	DATA 	Keypress: b
220.8783 	DATA 	Keypress: b
222.8480 	EXP 	New trial (rep=0, index=2): OrderedDict([('stimulus', 'POFA/fMRI_POFA/001a.tif'), ('gender', 'f')])
222.8926 	EXP 	image: autoDraw = False
222.8926 	EXP 	image: image = 'POFA/fMRI_POFA/001a.tif'
222.8926 	EXP 	image: autoDraw = True
223.7688 	DATA 	Keypress: c
225.8481 	EXP 	New trial (rep=0, index=3): OrderedDict([('stimulus', 'POFA/fMRI_POFA/007a.tif'), ('gender', 'f')])
225.8927 	EXP 	image: autoDraw = False
225.8927 	EXP 	image: image = 'POFA/fMRI_POFA/007a.tif'
225.8927 	EXP 	image: autoDraw = True
226.8315 	DATA 	Keypress: c
228.8480 	EXP 	New trial (rep=0, index=4): OrderedDict([('stimulus', 'POFA/fMRI_POFA/057a.tif'), ('gender', 'f')])
228.8927 	EXP 	image: autoDraw = False
228.8927 	EXP 	image: image = 'POFA/fMRI_POFA/057a.tif'
228.8927 	EXP 	image: autoDraw = True
230.1126 	DATA 	Keypress: c
231.8480 	EXP 	New trial (rep=0, index=5): OrderedDict([('stimulus', 'POFA/fMRI_POFA/084a.tif'), ('gender', 'f')])
231.8928 	EXP 	image: autoDraw = False
231.8928 	EXP 	image: image = 'POFA/fMRI_POFA/084a.tif'
231.8928 	EXP 	image: autoDraw = True
233.3940 	DATA 	Keypress: c
234.8481 	EXP 	New trial (rep=0, index=6): OrderedDict([('stimulus', 'POFA/fMRI_POFA/042a.tif'), ('gender', 'f')])
234.8929 	EXP 	image: autoDraw = False
234.8929 	EXP 	image: image = 'POFA/fMRI_POFA/042a.tif'
234.8929 	EXP 	image: autoDraw = True
235.9888 	DATA 	Keypress: c
237.8482 	EXP 	New trial (rep=0, index=7): OrderedDict([('stimulus', 'POFA/fMRI_POFA/048a.tif'), ('gender', 'f')])
237.8883 	EXP 	image: autoDraw = False
237.8883 	EXP 	image: image = 'POFA/fMRI_POFA/048a.tif'
237.8883 	EXP 	image: autoDraw = True
239.1596 	DATA 	Keypress: c
240.8480 	EXP 	New trial (rep=0, index=8): OrderedDict([('stimulus', 'POFA/fMRI_POFA/101a.tif'), ('gender', 'm')])
240.8929 	EXP 	image: autoDraw = False
240.8929 	EXP 	image: image = 'POFA/fMRI_POFA/101a.tif'
240.8929 	EXP 	image: autoDraw = True
242.0348 	DATA 	Keypress: b
242.2851 	DATA 	Keypress: b
243.8483 	EXP 	New trial (rep=0, index=9): OrderedDict([('stimulus', 'POFA/fMRI_POFA/066a.tif'), ('gender', 'f')])
243.8930 	EXP 	image: autoDraw = False
243.8930 	EXP 	image: image = 'POFA/fMRI_POFA/066a.tif'
243.8930 	EXP 	image: autoDraw = True
244.7066 	DATA 	Keypress: c
246.8642 	EXP 	Imported sad.csv as conditions, 10 conditions, 2 params
246.8652 	EXP 	Created sequence: random, trialTypes=10, nReps=1, seed=None
246.8661 	EXP 	New trial (rep=0, index=0): OrderedDict([('stimulus', 'POFA/fMRI_POFA/086a.tif'), ('gender', 'f')])
246.9087 	EXP 	image: autoDraw = False
246.9087 	EXP 	image_2: image = 'POFA/fMRI_POFA/086a.tif'
246.9087 	EXP 	image_2: autoDraw = True
247.6911 	DATA 	Keypress: c
249.8487 	EXP 	New trial (rep=0, index=1): OrderedDict([('stimulus', 'POFA/fMRI_POFA/067a.tif'), ('gender', 'f')])
249.8930 	EXP 	image_2: autoDraw = False
249.8930 	EXP 	image_2: image = 'POFA/fMRI_POFA/067a.tif'
249.8930 	EXP 	image_2: autoDraw = True
251.5662 	DATA 	Keypress: c
252.8484 	EXP 	New trial (rep=0, index=2): OrderedDict([('stimulus', 'POFA/fMRI_POFA/033a-sad.tif'), ('gender', 'm')])
252.8930 	EXP 	image_2: autoDraw = False
252.8930 	EXP 	image_2: image = 'POFA/fMRI_POFA/033a-sad.tif'
252.8930 	EXP 	image_2: autoDraw = True
253.6755 	DATA 	Keypress: b
253.9258 	DATA 	Keypress: b
255.8482 	EXP 	New trial (rep=0, index=3): OrderedDict([('stimulus', 'POFA/fMRI_POFA/002a.tif'), ('gender', 'f')])
255.9095 	EXP 	image_2: autoDraw = False
255.9095 	EXP 	image_2: image = 'POFA/fMRI_POFA/002a.tif'
255.9095 	EXP 	image_2: autoDraw = True
257.0506 	DATA 	Keypress: c
258.8489 	EXP 	New trial (rep=0, index=4): OrderedDict([('stimulus', 'POFA/fMRI_POFA/023a.tif'), ('gender', 'm')])
258.8932 	EXP 	image_2: autoDraw = False
258.8932 	EXP 	image_2: image = 'POFA/fMRI_POFA/023a.tif'
258.8932 	EXP 	image_2: autoDraw = True
260.0975 	DATA 	Keypress: b
260.3633 	DATA 	Keypress: b
261.8483 	EXP 	New trial (rep=0, index=5): OrderedDict([('stimulus', 'POFA/fMRI_POFA/015a.tif'), ('gender', 'm')])
261.8932 	EXP 	image_2: autoDraw = False
261.8932 	EXP 	image_2: image = 'POFA/fMRI_POFA/015a.tif'
261.8932 	EXP 	image_2: autoDraw = True
263.0976 	DATA 	Keypress: b
263.3477 	DATA 	Keypress: b
264.8483 	EXP 	New trial (rep=0, index=6): OrderedDict([('stimulus', 'POFA/fMRI_POFA/094a.tif'), ('gender', 'f')])
264.8932 	EXP 	image_2: autoDraw = False
264.8932 	EXP 	image_2: image = 'POFA/fMRI_POFA/094a.tif'
264.8932 	EXP 	image_2: autoDraw = True
265.5820 	DATA 	Keypress: c
267.8485 	EXP 	New trial (rep=0, index=7): OrderedDict([('stimulus', 'POFA/fMRI_POFA/008a.tif'), ('gender', 'f')])
267.8934 	EXP 	image_2: autoDraw = False
267.8934 	EXP 	image_2: image = 'POFA/fMRI_POFA/008a.tif'
267.8934 	EXP 	image_2: autoDraw = True
268.9571 	DATA 	Keypress: c
270.8488 	EXP 	New trial (rep=0, index=8): OrderedDict([('stimulus', 'POFA/fMRI_POFA/049a.tif'), ('gender', 'f')])
270.8933 	EXP 	image_2: autoDraw = False
270.8933 	EXP 	image_2: image = 'POFA/fMRI_POFA/049a.tif'
270.8933 	EXP 	image_2: autoDraw = True
272.2227 	DATA 	Keypress: c
273.8487 	EXP 	New trial (rep=0, index=9): OrderedDict([('stimulus', 'POFA/fMRI_POFA/058a.tif'), ('gender', 'f')])
273.8933 	EXP 	image_2: autoDraw = False
273.8933 	EXP 	image_2: image = 'POFA/fMRI_POFA/058a.tif'
273.8933 	EXP 	image_2: autoDraw = True
275.1915 	DATA 	Keypress: c
276.8653 	EXP 	Imported neutral.csv as conditions, 10 conditions, 2 params
276.8662 	EXP 	Created sequence: random, trialTypes=10, nReps=1, seed=None
276.8671 	EXP 	New trial (rep=0, index=0): OrderedDict([('stimulus', 'POFA/fMRI_POFA/083a.tif'), ('gender', 'm')])
276.9091 	EXP 	image_2: autoDraw = False
276.9091 	EXP 	image_4: image = 'POFA/fMRI_POFA/083a.tif'
276.9091 	EXP 	image_4: autoDraw = True
278.3790 	DATA 	Keypress: b
278.6137 	DATA 	Keypress: b
279.8492 	EXP 	New trial (rep=0, index=1): OrderedDict([('stimulus', 'POFA/fMRI_POFA/072a.tif'), ('gender', 'f')])
279.8935 	EXP 	image_4: autoDraw = False
279.8935 	EXP 	image_4: image = 'POFA/fMRI_POFA/072a.tif'
279.8935 	EXP 	image_4: autoDraw = True
280.5822 	DATA 	Keypress: c
282.8488 	EXP 	New trial (rep=0, index=2): OrderedDict([('stimulus', 'POFA/fMRI_POFA/013a.tif'), ('gender', 'f')])
282.8935 	EXP 	image_4: autoDraw = False
282.8935 	EXP 	image_4: image = 'POFA/fMRI_POFA/013a.tif'
282.8935 	EXP 	image_4: autoDraw = True
283.8324 	DATA 	Keypress: c
285.8489 	EXP 	New trial (rep=0, index=3): OrderedDict([('stimulus', 'POFA/fMRI_POFA/041a.tif'), ('gender', 'm')])
285.8936 	EXP 	image_4: autoDraw = False
285.8936 	EXP 	image_4: image = 'POFA/fMRI_POFA/041a.tif'
285.8936 	EXP 	image_4: autoDraw = True
286.9572 	DATA 	Keypress: b
287.2231 	DATA 	Keypress: b
288.8488 	EXP 	New trial (rep=0, index=4): OrderedDict([('stimulus', 'POFA/fMRI_POFA/006a.tif'), ('gender', 'f')])
288.8935 	EXP 	image_4: autoDraw = False
288.8935 	EXP 	image_4: image = 'POFA/fMRI_POFA/006a.tif'
288.8935 	EXP 	image_4: autoDraw = True
289.7699 	DATA 	Keypress: c
291.8488 	EXP 	New trial (rep=0, index=5): OrderedDict([('stimulus', 'POFA/fMRI_POFA/021a.tif'), ('gender', 'm')])
291.8890 	EXP 	image_4: autoDraw = False
291.8890 	EXP 	image_4: image = 'POFA/fMRI_POFA/021a.tif'
291.8890 	EXP 	image_4: autoDraw = True
292.5979 	DATA 	Keypress: b
292.8637 	DATA 	Keypress: b
294.8489 	EXP 	New trial (rep=0, index=6): OrderedDict([('stimulus', 'POFA/fMRI_POFA/047a.tif'), ('gender', 'f')])
294.8936 	EXP 	image_4: autoDraw = False
294.8936 	EXP 	image_4: image = 'POFA/fMRI_POFA/047a.tif'
294.8936 	EXP 	image_4: autoDraw = True
295.8637 	DATA 	Keypress: c
297.8489 	EXP 	New trial (rep=0, index=7): OrderedDict([('stimulus', 'POFA/fMRI_POFA/028a.tif'), ('gender', 'm')])
297.8898 	EXP 	image_4: autoDraw = False
297.8898 	EXP 	image_4: image = 'POFA/fMRI_POFA/028a.tif'
297.8898 	EXP 	image_4: autoDraw = True
298.6451 	DATA 	Keypress: b
298.8639 	DATA 	Keypress: b
300.8489 	EXP 	New trial (rep=0, index=8): OrderedDict([('stimulus', 'POFA/fMRI_POFA/056a.tif'), ('gender', 'f')])
300.9093 	EXP 	image_4: autoDraw = False
300.9093 	EXP 	image_4: image = 'POFA/fMRI_POFA/056a.tif'
300.9093 	EXP 	image_4: autoDraw = True
301.6451 	DATA 	Keypress: c
303.8491 	EXP 	New trial (rep=0, index=9): OrderedDict([('stimulus', 'POFA/fMRI_POFA/033a.tif'), ('gender', 'm')])
303.9093 	EXP 	image_4: autoDraw = False
303.9093 	EXP 	image_4: image = 'POFA/fMRI_POFA/033a.tif'
303.9093 	EXP 	image_4: autoDraw = True
304.7856 	DATA 	Keypress: b
305.0201 	DATA 	Keypress: b
306.8646 	EXP 	Imported blank.csv as conditions, 10 conditions, 2 params
306.8656 	EXP 	Created sequence: random, trialTypes=10, nReps=1, seed=None
306.8665 	EXP 	New trial (rep=0, index=0): OrderedDict([('x', 0.0), ('y', 0.4)])
306.8785 	EXP 	image_4: autoDraw = False
306.8785 	EXP 	polygon: pos = array([0. , 0.4])
306.8785 	EXP 	polygon: autoDraw = True
308.3326 	DATA 	Keypress: c
309.8494 	EXP 	New trial (rep=0, index=1): OrderedDict([('x', 0.2), ('y', -0.4)])
309.8632 	EXP 	polygon: autoDraw = False
309.8632 	EXP 	polygon: pos = array([ 0.2, -0.4])
309.8632 	EXP 	polygon: autoDraw = True
310.3482 	DATA 	Keypress: b
310.6141 	DATA 	Keypress: b
312.8492 	EXP 	New trial (rep=0, index=2): OrderedDict([('x', 0.4), ('y', 0.4)])
312.8632 	EXP 	polygon: autoDraw = False
312.8632 	EXP 	polygon: pos = array([0.4, 0.4])
312.8632 	EXP 	polygon: autoDraw = True
313.2701 	DATA 	Keypress: c
315.8492 	EXP 	New trial (rep=0, index=3): OrderedDict([('x', -0.4), ('y', 0.0)])
315.8633 	EXP 	polygon: autoDraw = False
315.8633 	EXP 	polygon: pos = array([-0.4,  0. ])
315.8633 	EXP 	polygon: autoDraw = True
316.3951 	DATA 	Keypress: b
316.6297 	DATA 	Keypress: b
318.8492 	EXP 	New trial (rep=0, index=4): OrderedDict([('x', -0.2), ('y', -0.4)])
318.8633 	EXP 	polygon: autoDraw = False
318.8633 	EXP 	polygon: pos = array([-0.2, -0.4])
318.8633 	EXP 	polygon: autoDraw = True
319.2702 	DATA 	Keypress: c
321.8493 	EXP 	New trial (rep=0, index=5): OrderedDict([('x', -0.4), ('y', 0.2)])
321.8634 	EXP 	polygon: autoDraw = False
321.8634 	EXP 	polygon: pos = array([-0.4,  0.2])
321.8634 	EXP 	polygon: autoDraw = True
322.2702 	DATA 	Keypress: b
322.5204 	DATA 	Keypress: b
324.8493 	EXP 	New trial (rep=0, index=6): OrderedDict([('x', -0.2), ('y', -0.2)])
324.8634 	EXP 	polygon: autoDraw = False
324.8634 	EXP 	polygon: pos = array([-0.2, -0.2])
324.8634 	EXP 	polygon: autoDraw = True
325.3171 	DATA 	Keypress: c
327.8494 	EXP 	New trial (rep=0, index=7): OrderedDict([('x', 0.2), ('y', 0.0)])
327.8634 	EXP 	polygon: autoDraw = False
327.8634 	EXP 	polygon: pos = array([0.2, 0. ])
327.8634 	EXP 	polygon: autoDraw = True
328.2703 	DATA 	Keypress: b
328.5205 	DATA 	Keypress: b
330.8494 	EXP 	New trial (rep=0, index=8): OrderedDict([('x', 0.0), ('y', 0.2)])
330.8635 	EXP 	polygon: autoDraw = False
330.8635 	EXP 	polygon: pos = array([0. , 0.2])
330.8635 	EXP 	polygon: autoDraw = True
331.2703 	DATA 	Keypress: c
333.8495 	EXP 	New trial (rep=0, index=9): OrderedDict([('x', 0.4), ('y', -0.2)])
333.8635 	EXP 	polygon: autoDraw = False
333.8635 	EXP 	polygon: pos = array([ 0.4, -0.2])
333.8635 	EXP 	polygon: autoDraw = True
334.2704 	DATA 	Keypress: b
334.5049 	DATA 	Keypress: b
336.8658 	EXP 	Imported angry.csv as conditions, 10 conditions, 2 params
336.8668 	EXP 	Created sequence: random, trialTypes=10, nReps=1, seed=None
336.8677 	EXP 	New trial (rep=0, index=0): OrderedDict([('stimulus', 'POFA/fMRI_POFA/038a.tif'), ('gender', 'm')])
336.9098 	EXP 	polygon: autoDraw = False
336.9098 	EXP 	image_3: image = 'POFA/fMRI_POFA/038a.tif'
336.9098 	EXP 	image_3: autoDraw = True
338.3174 	DATA 	Keypress: b
338.5049 	DATA 	Keypress: b
339.8499 	EXP 	New trial (rep=0, index=1): OrderedDict([('stimulus', 'POFA/fMRI_POFA/003a.tif'), ('gender', 'f')])
339.9102 	EXP 	image_3: autoDraw = False
339.9102 	EXP 	image_3: image = 'POFA/fMRI_POFA/003a.tif'
339.9102 	EXP 	image_3: autoDraw = True
340.7549 	DATA 	Keypress: c
342.8496 	EXP 	New trial (rep=0, index=2): OrderedDict([('stimulus', 'POFA/fMRI_POFA/010a.tif'), ('gender', 'f')])
342.9099 	EXP 	image_3: autoDraw = False
342.9099 	EXP 	image_3: image = 'POFA/fMRI_POFA/010a.tif'
342.9099 	EXP 	image_3: autoDraw = True
343.5360 	DATA 	Keypress: c
345.8496 	EXP 	New trial (rep=0, index=3): OrderedDict([('stimulus', 'POFA/fMRI_POFA/053a.tif'), ('gender', 'f')])
345.9262 	EXP 	image_3: autoDraw = False
345.9262 	EXP 	image_3: image = 'POFA/fMRI_POFA/053a.tif'
345.9262 	EXP 	image_3: autoDraw = True
346.5987 	DATA 	Keypress: c
348.8497 	EXP 	New trial (rep=0, index=4): OrderedDict([('stimulus', 'POFA/fMRI_POFA/069a.tif'), ('gender', 'f')])
348.9106 	EXP 	image_3: autoDraw = False
348.9106 	EXP 	image_3: image = 'POFA/fMRI_POFA/069a.tif'
348.9106 	EXP 	image_3: autoDraw = True
350.2863 	DATA 	Keypress: c
351.8497 	EXP 	New trial (rep=0, index=5): OrderedDict([('stimulus', 'POFA/fMRI_POFA/044a.tif'), ('gender', 'f')])
351.8943 	EXP 	image_3: autoDraw = False
351.8943 	EXP 	image_3: image = 'POFA/fMRI_POFA/044a.tif'
351.8943 	EXP 	image_3: autoDraw = True
352.9425 	DATA 	Keypress: c
354.8497 	EXP 	New trial (rep=0, index=6): OrderedDict([('stimulus', 'POFA/fMRI_POFA/061a.tif'), ('gender', 'f')])
354.8944 	EXP 	image_3: autoDraw = False
354.8944 	EXP 	image_3: image = 'POFA/fMRI_POFA/061a.tif'
354.8944 	EXP 	image_3: autoDraw = True
355.9425 	DATA 	Keypress: c
357.8497 	EXP 	New trial (rep=0, index=7): OrderedDict([('stimulus', 'POFA/fMRI_POFA/025a.tif'), ('gender', 'm')])
357.8944 	EXP 	image_3: autoDraw = False
357.8944 	EXP 	image_3: image = 'POFA/fMRI_POFA/025a.tif'
357.8944 	EXP 	image_3: autoDraw = True
359.1613 	DATA 	Keypress: b
359.3647 	DATA 	Keypress: b
360.8498 	EXP 	New trial (rep=0, index=8): OrderedDict([('stimulus', 'POFA/fMRI_POFA/018a.tif'), ('gender', 'm')])
360.8945 	EXP 	image_3: autoDraw = False
360.8945 	EXP 	image_3: image = 'POFA/fMRI_POFA/018a.tif'
360.8945 	EXP 	image_3: autoDraw = True
361.8801 	DATA 	Keypress: b
362.0687 	DATA 	Keypress: b
363.8499 	EXP 	New trial (rep=0, index=9): OrderedDict([('stimulus', 'POFA/fMRI_POFA/030a.tif'), ('gender', 'm')])
363.8946 	EXP 	image_3: autoDraw = False
363.8946 	EXP 	image_3: image = 'POFA/fMRI_POFA/030a.tif'
363.8946 	EXP 	image_3: autoDraw = True
364.8963 	DATA 	Keypress: b
365.0834 	DATA 	Keypress: b
366.8664 	EXP 	Imported scrambled.csv as conditions, 10 conditions, 2 params
366.8674 	EXP 	Created sequence: random, trialTypes=10, nReps=1, seed=None
366.8683 	EXP 	New trial (rep=0, index=0): OrderedDict([('stimulus', 'POFA/fMRI_POFA/021c.tif'), ('gender', 'm')])
366.9102 	EXP 	image_3: autoDraw = False
366.9102 	EXP 	image_5: image = 'POFA/fMRI_POFA/021c.tif'
366.9102 	EXP 	image_5: autoDraw = True
367.8645 	DATA 	Keypress: c
369.8503 	EXP 	New trial (rep=0, index=1): OrderedDict([('stimulus', 'POFA/fMRI_POFA/072c.tif'), ('gender', 'f')])
369.8947 	EXP 	image_5: autoDraw = False
369.8947 	EXP 	image_5: image = 'POFA/fMRI_POFA/072c.tif'
369.8947 	EXP 	image_5: autoDraw = True
370.2865 	DATA 	Keypress: b
370.5054 	DATA 	Keypress: b
372.8500 	EXP 	New trial (rep=0, index=2): OrderedDict([('stimulus', 'POFA/fMRI_POFA/006c.tif'), ('gender', 'f')])
372.8946 	EXP 	image_5: autoDraw = False
372.8946 	EXP 	image_5: image = 'POFA/fMRI_POFA/006c.tif'
372.8946 	EXP 	image_5: autoDraw = True
373.3959 	DATA 	Keypress: c
375.8500 	EXP 	New trial (rep=0, index=3): OrderedDict([('stimulus', 'POFA/fMRI_POFA/013c.tif'), ('gender', 'f')])
375.8948 	EXP 	image_5: autoDraw = False
375.8948 	EXP 	image_5: image = 'POFA/fMRI_POFA/013c.tif'
375.8948 	EXP 	image_5: autoDraw = True
376.2084 	DATA 	Keypress: b
376.4429 	DATA 	Keypress: b
378.8500 	EXP 	New trial (rep=0, index=4): OrderedDict([('stimulus', 'POFA/fMRI_POFA/006c.tif'), ('gender', 'f')])
378.8948 	EXP 	image_5: autoDraw = False
378.8948 	EXP 	image_5: image = 'POFA/fMRI_POFA/006c.tif'
378.8948 	EXP 	image_5: autoDraw = True
379.3179 	DATA 	Keypress: c
381.8501 	EXP 	New trial (rep=0, index=5): OrderedDict([('stimulus', 'POFA/fMRI_POFA/013c.tif'), ('gender', 'f')])
381.8949 	EXP 	image_5: autoDraw = False
381.8949 	EXP 	image_5: image = 'POFA/fMRI_POFA/013c.tif'
381.8949 	EXP 	image_5: autoDraw = True
382.2555 	DATA 	Keypress: b
382.4897 	DATA 	Keypress: b
384.8501 	EXP 	New trial (rep=0, index=6): OrderedDict([('stimulus', 'POFA/fMRI_POFA/033c.tif'), ('gender', 'm')])
384.8952 	EXP 	image_5: autoDraw = False
384.8952 	EXP 	image_5: image = 'POFA/fMRI_POFA/033c.tif'
384.8952 	EXP 	image_5: autoDraw = True
385.2550 	DATA 	Keypress: c
387.8502 	EXP 	New trial (rep=0, index=7): OrderedDict([('stimulus', 'POFA/fMRI_POFA/021c.tif'), ('gender', 'm')])
387.8948 	EXP 	image_5: autoDraw = False
387.8948 	EXP 	image_5: image = 'POFA/fMRI_POFA/021c.tif'
387.8948 	EXP 	image_5: autoDraw = True
388.4128 	DATA 	Keypress: b
388.6306 	DATA 	Keypress: b
390.8501 	EXP 	New trial (rep=0, index=8): OrderedDict([('stimulus', 'POFA/fMRI_POFA/083c.tif'), ('gender', 'm')])
390.8949 	EXP 	image_5: autoDraw = False
390.8949 	EXP 	image_5: image = 'POFA/fMRI_POFA/083c.tif'
390.8949 	EXP 	image_5: autoDraw = True
393.8499 	EXP 	New trial (rep=0, index=9): OrderedDict([('stimulus', 'POFA/fMRI_POFA/033c.tif'), ('gender', 'm')])
393.8952 	EXP 	image_5: autoDraw = False
393.8952 	EXP 	image_5: image = 'POFA/fMRI_POFA/033c.tif'
393.8952 	EXP 	image_5: autoDraw = True
394.5212 	DATA 	Keypress: c
396.8683 	EXP 	Imported happy.csv as conditions, 10 conditions, 2 params
396.8693 	EXP 	Created sequence: random, trialTypes=10, nReps=1, seed=None
396.8702 	EXP 	New trial (rep=0, index=0): OrderedDict([('stimulus', 'POFA/fMRI_POFA/048a.tif'), ('gender', 'f')])
396.9106 	EXP 	image_5: autoDraw = False
396.9106 	EXP 	image: image = 'POFA/fMRI_POFA/048a.tif'
396.9106 	EXP 	image: autoDraw = True
398.1619 	DATA 	Keypress: c
399.8507 	EXP 	New trial (rep=0, index=1): OrderedDict([('stimulus', 'POFA/fMRI_POFA/093a.tif'), ('gender', 'f')])
399.8950 	EXP 	image: autoDraw = False
399.8950 	EXP 	image: image = 'POFA/fMRI_POFA/093a.tif'
399.8950 	EXP 	image: autoDraw = True
400.4744 	DATA 	Keypress: c
402.8503 	EXP 	New trial (rep=0, index=2): OrderedDict([('stimulus', 'POFA/fMRI_POFA/014a.tif'), ('gender', 'm')])
402.8952 	EXP 	image: autoDraw = False
402.8952 	EXP 	image: image = 'POFA/fMRI_POFA/014a.tif'
402.8952 	EXP 	image: autoDraw = True
404.1931 	DATA 	Keypress: b
404.4904 	DATA 	Keypress: b
405.8504 	EXP 	New trial (rep=0, index=3): OrderedDict([('stimulus', 'POFA/fMRI_POFA/001a.tif'), ('gender', 'f')])
405.8951 	EXP 	image: autoDraw = False
405.8951 	EXP 	image: image = 'POFA/fMRI_POFA/001a.tif'
405.8951 	EXP 	image: autoDraw = True
406.8650 	DATA 	Keypress: c
408.8502 	EXP 	New trial (rep=0, index=4): OrderedDict([('stimulus', 'POFA/fMRI_POFA/066a.tif'), ('gender', 'f')])
408.8953 	EXP 	image: autoDraw = False
408.8953 	EXP 	image: image = 'POFA/fMRI_POFA/066a.tif'
408.8953 	EXP 	image: autoDraw = True
409.8969 	DATA 	Keypress: c
411.8505 	EXP 	New trial (rep=0, index=5): OrderedDict([('stimulus', 'POFA/fMRI_POFA/057a.tif'), ('gender', 'f')])
411.8958 	EXP 	image: autoDraw = False
411.8958 	EXP 	image: image = 'POFA/fMRI_POFA/057a.tif'
411.8958 	EXP 	image: autoDraw = True
412.9278 	DATA 	Keypress: c
414.8505 	EXP 	New trial (rep=0, index=6): OrderedDict([('stimulus', 'POFA/fMRI_POFA/007a.tif'), ('gender', 'f')])
414.8958 	EXP 	image: autoDraw = False
414.8958 	EXP 	image: image = 'POFA/fMRI_POFA/007a.tif'
414.8958 	EXP 	image: autoDraw = True
415.7089 	DATA 	Keypress: c
417.8506 	EXP 	New trial (rep=0, index=7): OrderedDict([('stimulus', 'POFA/fMRI_POFA/084a.tif'), ('gender', 'f')])
417.8954 	EXP 	image: autoDraw = False
417.8954 	EXP 	image: image = 'POFA/fMRI_POFA/084a.tif'
417.8954 	EXP 	image: autoDraw = True
419.6465 	DATA 	Keypress: c
420.8506 	EXP 	New trial (rep=0, index=8): OrderedDict([('stimulus', 'POFA/fMRI_POFA/101a.tif'), ('gender', 'm')])
420.8959 	EXP 	image: autoDraw = False
420.8959 	EXP 	image: image = 'POFA/fMRI_POFA/101a.tif'
420.8959 	EXP 	image: autoDraw = True
422.2246 	DATA 	Keypress: b
422.5060 	DATA 	Keypress: b
423.8506 	EXP 	New trial (rep=0, index=9): OrderedDict([('stimulus', 'POFA/fMRI_POFA/042a.tif'), ('gender', 'f')])
423.9112 	EXP 	image: autoDraw = False
423.9112 	EXP 	image: image = 'POFA/fMRI_POFA/042a.tif'
423.9112 	EXP 	image: autoDraw = True
425.1778 	DATA 	Keypress: c
426.8647 	EXP 	image: autoDraw = False
426.8647 	EXP 	polygon_2: autoDraw = True
437.2431 	EXP 	window1: mouseVisible = True
