49.1966 	EXP 	Created window1 = Window(allowGUI=False, allowStencil=False, args=UNKNOWN, autoLog=True, bitsMode=UNKNOWN, blendMode='avg', color=array([-1., -1., -1.]), colorSpace='rgb', fullscr=<method-wrapper '__getattribute__' of attributeSetter object at 0x08A56F10>, gamma=None, kwargs=UNKNOWN, lms=UNKNOWN, monitor=<psychopy.monitors.calibTools.Monitor object at 0x0D5450D0>, multiSample=False, name='window1', numSamples=2, pos=[0.0, 0.0], screen=0, size=array([800, 600]), stereo=False, units='height', useFBO=True, useRetina=False, viewOri=0.0, viewPos=None, viewScale=None, waitBlanking=True, winType='pyglet')
49.1967 	EXP 	window1: recordFrameIntervals = False
49.3516 	EXP 	window1: recordFrameIntervals = True
49.5237 	EXP 	window1: recordFrameIntervals = False
49.6798 	EXP 	Created text = TextStim(__class__=<class 'psychopy.visual.text.TextStim'>, alignHoriz='center', alignVert='center', antialias=True, autoLog=True, bold=False, color='white', colorSpace='named', contrast=1.0, depth=0.0, flipHoriz=False, flipVert=False, font='Arial', fontFiles=[], height=0.08, italic=False, languageStyle='LTR', name='text', opacity=1.0, ori=0, pos=array([0., 0.]), rgb=array([255., 255., 255.]), text=str(...), units='height', win=Window(...), wrapWidth=1)
49.7025 	EXP 	Created text_2 = TextStim(__class__=<class 'psychopy.visual.text.TextStim'>, alignHoriz='center', alignVert='center', antialias=True, autoLog=True, bold=False, color='white', colorSpace='named', contrast=1.0, depth=0.0, flipHoriz=False, flipVert=False, font='Arial', fontFiles=[], height=0.08, italic=False, languageStyle='LTR', name='text_2', opacity=1.0, ori=0, pos=array([0., 0.]), rgb=array([255., 255., 255.]), text=str(...), units='height', win=Window(...), wrapWidth=1)
49.7363 	EXP 	Created text_3 = TextStim(__class__=<class 'psychopy.visual.text.TextStim'>, alignHoriz='center', alignVert='center', antialias=True, autoLog=True, bold=False, color='white', colorSpace='named', contrast=1.0, depth=0.0, flipHoriz=False, flipVert=False, font='Arial', fontFiles=[], height=0.08, italic=False, languageStyle='LTR', name='text_3', opacity=1.0, ori=0, pos=array([0., 0.]), rgb=array([255., 255., 255.]), text=str(...), units='height', win=Window(...), wrapWidth=1)
49.7433 	EXP 	Created polygon_3 = ShapeStim(__class__=<class 'psychopy.visual.shape.ShapeStim'>, autoDraw=False, autoLog=True, closeShape=True, contrast=1.0, depth=0.0, fillColor=array([1., 1., 1.]), fillColorSpace='rgb', interpolate=True, lineColor=array([1., 1., 1.]), lineColorSpace='rgb', lineWidth=1, name='polygon_3', opacity=0.2, ori=array(0.), pos=array([0., 0.]), size=array([0.05, 0.05]), units='height', vertices=ndarray(...), win=Window(...), windingRule=None)
49.7475 	EXP 	Created image_5 = ImageStim(__class__=<class 'psychopy.visual.image.ImageStim'>, autoLog=True, color=array([1., 1., 1.]), colorSpace='rgb', contrast=1.0, depth=0.0, flipHoriz=False, flipVert=False, image='sin', interpolate=True, mask=None, maskParams=None, name='image_5', opacity=1.0, ori=0.0, pos=array([0., 0.]), size=array([1., 1.]), texRes=128, units='height', win=Window(...))
49.7495 	EXP 	Created image_2 = ImageStim(__class__=<class 'psychopy.visual.image.ImageStim'>, autoLog=True, color=array([1., 1., 1.]), colorSpace='rgb', contrast=1.0, depth=0.0, flipHoriz=False, flipVert=False, image='sin', interpolate=True, mask=None, maskParams=None, name='image_2', opacity=1.0, ori=0.0, pos=array([0., 0.]), size=array([1., 1.]), texRes=128, units='height', win=Window(...))
49.7515 	EXP 	Created image = ImageStim(__class__=<class 'psychopy.visual.image.ImageStim'>, autoLog=True, color=array([1., 1., 1.]), colorSpace='rgb', contrast=1.0, depth=0.0, flipHoriz=False, flipVert=False, image='sin', interpolate=True, mask=None, maskParams=None, name='image', opacity=1.0, ori=0.0, pos=array([0., 0.]), size=array([1., 1.]), texRes=128, units='height', win=Window(...))
49.7534 	EXP 	Created image_4 = ImageStim(__class__=<class 'psychopy.visual.image.ImageStim'>, autoLog=True, color=array([1., 1., 1.]), colorSpace='rgb', contrast=1.0, depth=0.0, flipHoriz=False, flipVert=False, image='sin', interpolate=True, mask=None, maskParams=None, name='image_4', opacity=1.0, ori=0.0, pos=array([0., 0.]), size=array([1., 1.]), texRes=128, units='height', win=Window(...))
49.7554 	EXP 	Created image_3 = ImageStim(__class__=<class 'psychopy.visual.image.ImageStim'>, autoLog=True, color=array([1., 1., 1.]), colorSpace='rgb', contrast=1.0, depth=0.0, flipHoriz=False, flipVert=False, image='sin', interpolate=True, mask=None, maskParams=None, name='image_3', opacity=1.0, ori=0.0, pos=array([0., 0.]), size=array([1., 1.]), texRes=128, units='height', win=Window(...))
49.7569 	EXP 	Created polygon = ShapeStim(__class__=<class 'psychopy.visual.shape.ShapeStim'>, autoDraw=False, autoLog=True, closeShape=True, contrast=1.0, depth=0.0, fillColor=array([1., 1., 1.]), fillColorSpace='rgb', interpolate=True, lineColor=array([1., 1., 1.]), lineColorSpace='rgb', lineWidth=1, name='polygon', opacity=0.2, ori=array(0.), pos=array([0., 0.]), size=array([0.05, 0.05]), units='height', vertices=ndarray(...), win=Window(...), windingRule=None)
49.7588 	EXP 	Created image_5 = ImageStim(__class__=<class 'psychopy.visual.image.ImageStim'>, autoLog=True, color=array([1., 1., 1.]), colorSpace='rgb', contrast=1.0, depth=0.0, flipHoriz=False, flipVert=False, image='sin', interpolate=True, mask=None, maskParams=None, name='image_5', opacity=1.0, ori=0.0, pos=array([0., 0.]), size=array([1., 1.]), texRes=128, units='height', win=Window(...))
49.7609 	EXP 	Created image_2 = ImageStim(__class__=<class 'psychopy.visual.image.ImageStim'>, autoLog=True, color=array([1., 1., 1.]), colorSpace='rgb', contrast=1.0, depth=0.0, flipHoriz=False, flipVert=False, image='sin', interpolate=True, mask=None, maskParams=None, name='image_2', opacity=1.0, ori=0.0, pos=array([0., 0.]), size=array([1., 1.]), texRes=128, units='height', win=Window(...))
49.7629 	EXP 	Created image = ImageStim(__class__=<class 'psychopy.visual.image.ImageStim'>, autoLog=True, color=array([1., 1., 1.]), colorSpace='rgb', contrast=1.0, depth=0.0, flipHoriz=False, flipVert=False, image='sin', interpolate=True, mask=None, maskParams=None, name='image', opacity=1.0, ori=0.0, pos=array([0., 0.]), size=array([1., 1.]), texRes=128, units='height', win=Window(...))
49.7647 	EXP 	Created image_4 = ImageStim(__class__=<class 'psychopy.visual.image.ImageStim'>, autoLog=True, color=array([1., 1., 1.]), colorSpace='rgb', contrast=1.0, depth=0.0, flipHoriz=False, flipVert=False, image='sin', interpolate=True, mask=None, maskParams=None, name='image_4', opacity=1.0, ori=0.0, pos=array([0., 0.]), size=array([1., 1.]), texRes=128, units='height', win=Window(...))
49.7667 	EXP 	Created image_3 = ImageStim(__class__=<class 'psychopy.visual.image.ImageStim'>, autoLog=True, color=array([1., 1., 1.]), colorSpace='rgb', contrast=1.0, depth=0.0, flipHoriz=False, flipVert=False, image='sin', interpolate=True, mask=None, maskParams=None, name='image_3', opacity=1.0, ori=0.0, pos=array([0., 0.]), size=array([1., 1.]), texRes=128, units='height', win=Window(...))
49.7683 	EXP 	Created polygon = ShapeStim(__class__=<class 'psychopy.visual.shape.ShapeStim'>, autoDraw=False, autoLog=True, closeShape=True, contrast=1.0, depth=0.0, fillColor=array([1., 1., 1.]), fillColorSpace='rgb', interpolate=True, lineColor=array([1., 1., 1.]), lineColorSpace='rgb', lineWidth=1, name='polygon', opacity=0.2, ori=array(0.), pos=array([0., 0.]), size=array([0.05, 0.05]), units='height', vertices=ndarray(...), win=Window(...), windingRule=None)
49.7694 	EXP 	Created polygon_2 = ShapeStim(__class__=<class 'psychopy.visual.shape.ShapeStim'>, autoDraw=False, autoLog=True, closeShape=True, contrast=1.0, depth=0.0, fillColor=array([1., 1., 1.]), fillColorSpace='rgb', interpolate=True, lineColor=array([1., 1., 1.]), lineColorSpace='rgb', lineWidth=1, name='polygon_2', opacity=0.0, ori=array(0.), pos=array([0., 0.]), size=array([1., 1.]), units='height', vertices=ndarray(...), win=Window(...), windingRule=None)
49.7890 	EXP 	text: autoDraw = True
51.1645 	DATA 	Keypress: c
51.1794 	EXP 	text: autoDraw = False
51.1794 	EXP 	text_2: autoDraw = True
51.9940 	DATA 	Keypress: c
52.0231 	EXP 	text_2: autoDraw = False
52.0231 	EXP 	text_3: autoDraw = True
53.3519 	DATA 	Keypress: c
53.3663 	EXP 	text_3: autoDraw = False
53.3663 	EXP 	polygon_3: autoDraw = True
54.7114 	DATA 	Keypress: b
54.9614 	DATA 	Keypress: b
68.6656 	DATA 	Keypress: s
68.7026 	EXP 	Imported scrambled.csv as conditions, 10 conditions, 2 params
68.7033 	EXP 	Created sequence: random, trialTypes=10, nReps=1, seed=None
68.7039 	EXP 	New trial (rep=0, index=0): OrderedDict([('stimulus', 'POFA/fMRI_POFA/006c.tif'), ('gender', 'f')])
68.7572 	EXP 	polygon_3: autoDraw = False
68.7572 	EXP 	image_5: image = 'POFA/fMRI_POFA/006c.tif'
68.7572 	EXP 	image_5: autoDraw = True
69.3833 	DATA 	Keypress: c
71.6973 	EXP 	New trial (rep=0, index=1): OrderedDict([('stimulus', 'POFA/fMRI_POFA/021c.tif'), ('gender', 'm')])
71.7571 	EXP 	image_5: autoDraw = False
71.7571 	EXP 	image_5: image = 'POFA/fMRI_POFA/021c.tif'
71.7571 	EXP 	image_5: autoDraw = True
72.2114 	DATA 	Keypress: b
72.4928 	DATA 	Keypress: b
74.6968 	EXP 	New trial (rep=0, index=2): OrderedDict([('stimulus', 'POFA/fMRI_POFA/013c.tif'), ('gender', 'f')])
74.7577 	EXP 	image_5: autoDraw = False
74.7577 	EXP 	image_5: image = 'POFA/fMRI_POFA/013c.tif'
74.7577 	EXP 	image_5: autoDraw = True
75.1021 	DATA 	Keypress: c
77.6969 	EXP 	New trial (rep=0, index=3): OrderedDict([('stimulus', 'POFA/fMRI_POFA/033c.tif'), ('gender', 'm')])
77.7571 	EXP 	image_5: autoDraw = False
77.7571 	EXP 	image_5: image = 'POFA/fMRI_POFA/033c.tif'
77.7571 	EXP 	image_5: autoDraw = True
78.0864 	DATA 	Keypress: b
78.2899 	DATA 	Keypress: b
80.6967 	EXP 	New trial (rep=0, index=4): OrderedDict([('stimulus', 'POFA/fMRI_POFA/006c.tif'), ('gender', 'f')])
80.7572 	EXP 	image_5: autoDraw = False
80.7572 	EXP 	image_5: image = 'POFA/fMRI_POFA/006c.tif'
80.7572 	EXP 	image_5: autoDraw = True
81.1022 	DATA 	Keypress: c
83.6970 	EXP 	New trial (rep=0, index=5): OrderedDict([('stimulus', 'POFA/fMRI_POFA/021c.tif'), ('gender', 'm')])
83.7578 	EXP 	image_5: autoDraw = False
83.7578 	EXP 	image_5: image = 'POFA/fMRI_POFA/021c.tif'
83.7578 	EXP 	image_5: autoDraw = True
84.0553 	DATA 	Keypress: b
84.3054 	DATA 	Keypress: b
86.6969 	EXP 	New trial (rep=0, index=6): OrderedDict([('stimulus', 'POFA/fMRI_POFA/072c.tif'), ('gender', 'f')])
86.7578 	EXP 	image_5: autoDraw = False
86.7578 	EXP 	image_5: image = 'POFA/fMRI_POFA/072c.tif'
86.7578 	EXP 	image_5: autoDraw = True
87.0710 	DATA 	Keypress: c
89.6970 	EXP 	New trial (rep=0, index=7): OrderedDict([('stimulus', 'POFA/fMRI_POFA/083c.tif'), ('gender', 'm')])
89.7572 	EXP 	image_5: autoDraw = False
89.7572 	EXP 	image_5: image = 'POFA/fMRI_POFA/083c.tif'
89.7572 	EXP 	image_5: autoDraw = True
90.0865 	DATA 	Keypress: b
90.3053 	DATA 	Keypress: b
92.6970 	EXP 	New trial (rep=0, index=8): OrderedDict([('stimulus', 'POFA/fMRI_POFA/013c.tif'), ('gender', 'f')])
92.7416 	EXP 	image_5: autoDraw = False
92.7416 	EXP 	image_5: image = 'POFA/fMRI_POFA/013c.tif'
92.7416 	EXP 	image_5: autoDraw = True
93.0554 	DATA 	Keypress: c
95.6970 	EXP 	New trial (rep=0, index=9): OrderedDict([('stimulus', 'POFA/fMRI_POFA/033c.tif'), ('gender', 'm')])
95.7416 	EXP 	image_5: autoDraw = False
95.7416 	EXP 	image_5: image = 'POFA/fMRI_POFA/033c.tif'
95.7416 	EXP 	image_5: autoDraw = True
96.1023 	DATA 	Keypress: b
96.3525 	DATA 	Keypress: b
98.7130 	EXP 	Imported sad.csv as conditions, 10 conditions, 2 params
98.7140 	EXP 	Created sequence: random, trialTypes=10, nReps=1, seed=None
98.7149 	EXP 	New trial (rep=0, index=0): OrderedDict([('stimulus', 'POFA/fMRI_POFA/094a.tif'), ('gender', 'f')])
98.7575 	EXP 	image_5: autoDraw = False
98.7575 	EXP 	image_2: image = 'POFA/fMRI_POFA/094a.tif'
98.7575 	EXP 	image_2: autoDraw = True
99.5086 	DATA 	Keypress: c
101.6974 	EXP 	New trial (rep=0, index=1): OrderedDict([('stimulus', 'POFA/fMRI_POFA/067a.tif'), ('gender', 'f')])
101.7573 	EXP 	image_2: autoDraw = False
101.7573 	EXP 	image_2: image = 'POFA/fMRI_POFA/067a.tif'
101.7573 	EXP 	image_2: autoDraw = True
102.2430 	DATA 	Keypress: c
104.6971 	EXP 	New trial (rep=0, index=2): OrderedDict([('stimulus', 'POFA/fMRI_POFA/008a.tif'), ('gender', 'f')])
104.7574 	EXP 	image_2: autoDraw = False
104.7574 	EXP 	image_2: image = 'POFA/fMRI_POFA/008a.tif'
104.7574 	EXP 	image_2: autoDraw = True
105.3524 	DATA 	Keypress: c
107.6971 	EXP 	New trial (rep=0, index=3): OrderedDict([('stimulus', 'POFA/fMRI_POFA/058a.tif'), ('gender', 'f')])
107.7730 	EXP 	image_2: autoDraw = False
107.7730 	EXP 	image_2: image = 'POFA/fMRI_POFA/058a.tif'
107.7730 	EXP 	image_2: autoDraw = True
108.3366 	DATA 	Keypress: c
110.6971 	EXP 	New trial (rep=0, index=4): OrderedDict([('stimulus', 'POFA/fMRI_POFA/033a-sad.tif'), ('gender', 'm')])
110.7574 	EXP 	image_2: autoDraw = False
110.7574 	EXP 	image_2: image = 'POFA/fMRI_POFA/033a-sad.tif'
110.7574 	EXP 	image_2: autoDraw = True
111.5087 	DATA 	Keypress: b
111.7742 	DATA 	Keypress: b
113.6969 	EXP 	New trial (rep=0, index=5): OrderedDict([('stimulus', 'POFA/fMRI_POFA/049a.tif'), ('gender', 'f')])
113.7575 	EXP 	image_2: autoDraw = False
113.7575 	EXP 	image_2: image = 'POFA/fMRI_POFA/049a.tif'
113.7575 	EXP 	image_2: autoDraw = True
114.3368 	DATA 	Keypress: c
116.6972 	EXP 	New trial (rep=0, index=6): OrderedDict([('stimulus', 'POFA/fMRI_POFA/086a.tif'), ('gender', 'f')])
116.7581 	EXP 	image_2: autoDraw = False
116.7581 	EXP 	image_2: image = 'POFA/fMRI_POFA/086a.tif'
116.7581 	EXP 	image_2: autoDraw = True
117.3525 	DATA 	Keypress: c
119.6973 	EXP 	New trial (rep=0, index=7): OrderedDict([('stimulus', 'POFA/fMRI_POFA/015a.tif'), ('gender', 'm')])
119.7575 	EXP 	image_2: autoDraw = False
119.7575 	EXP 	image_2: image = 'POFA/fMRI_POFA/015a.tif'
119.7575 	EXP 	image_2: autoDraw = True
120.7120 	DATA 	Keypress: b
120.9932 	DATA 	Keypress: b
122.6814 	EXP 	New trial (rep=0, index=8): OrderedDict([('stimulus', 'POFA/fMRI_POFA/002a.tif'), ('gender', 'f')])
122.7419 	EXP 	image_2: autoDraw = False
122.7419 	EXP 	image_2: image = 'POFA/fMRI_POFA/002a.tif'
122.7419 	EXP 	image_2: autoDraw = True
123.3213 	DATA 	Keypress: c
125.6816 	EXP 	New trial (rep=0, index=9): OrderedDict([('stimulus', 'POFA/fMRI_POFA/023a.tif'), ('gender', 'm')])
125.7418 	EXP 	image_2: autoDraw = False
125.7418 	EXP 	image_2: image = 'POFA/fMRI_POFA/023a.tif'
125.7418 	EXP 	image_2: autoDraw = True
127.0713 	DATA 	Keypress: b
127.3215 	DATA 	Keypress: b
128.6961 	EXP 	Imported happy.csv as conditions, 10 conditions, 2 params
128.6967 	EXP 	Created sequence: random, trialTypes=10, nReps=1, seed=None
128.6972 	EXP 	New trial (rep=0, index=0): OrderedDict([('stimulus', 'POFA/fMRI_POFA/057a.tif'), ('gender', 'f')])
128.7349 	EXP 	image_2: autoDraw = False
128.7349 	EXP 	image: image = 'POFA/fMRI_POFA/057a.tif'
128.7349 	EXP 	image: autoDraw = True
130.3527 	DATA 	Keypress: c
131.6821 	EXP 	New trial (rep=0, index=1): OrderedDict([('stimulus', 'POFA/fMRI_POFA/001a.tif'), ('gender', 'f')])
131.7419 	EXP 	image: autoDraw = False
131.7419 	EXP 	image: image = 'POFA/fMRI_POFA/001a.tif'
131.7419 	EXP 	image: autoDraw = True
132.4151 	DATA 	Keypress: c
134.6818 	EXP 	New trial (rep=0, index=2): OrderedDict([('stimulus', 'POFA/fMRI_POFA/066a.tif'), ('gender', 'f')])
134.7420 	EXP 	image: autoDraw = False
134.7420 	EXP 	image: image = 'POFA/fMRI_POFA/066a.tif'
134.7420 	EXP 	image: autoDraw = True
135.3682 	DATA 	Keypress: c
137.6818 	EXP 	New trial (rep=0, index=3): OrderedDict([('stimulus', 'POFA/fMRI_POFA/084a.tif'), ('gender', 'f')])
137.7419 	EXP 	image: autoDraw = False
137.7419 	EXP 	image: image = 'POFA/fMRI_POFA/084a.tif'
137.7419 	EXP 	image: autoDraw = True
138.3839 	DATA 	Keypress: c
140.6818 	EXP 	New trial (rep=0, index=4): OrderedDict([('stimulus', 'POFA/fMRI_POFA/093a.tif'), ('gender', 'f')])
140.7420 	EXP 	image: autoDraw = False
140.7420 	EXP 	image: image = 'POFA/fMRI_POFA/093a.tif'
140.7420 	EXP 	image: autoDraw = True
141.4777 	DATA 	Keypress: c
143.6818 	EXP 	New trial (rep=0, index=5): OrderedDict([('stimulus', 'POFA/fMRI_POFA/014a.tif'), ('gender', 'm')])
143.7420 	EXP 	image: autoDraw = False
143.7420 	EXP 	image: image = 'POFA/fMRI_POFA/014a.tif'
143.7420 	EXP 	image: autoDraw = True
144.4308 	DATA 	Keypress: b
144.6654 	DATA 	Keypress: b
146.6804 	EXP 	New trial (rep=0, index=6): OrderedDict([('stimulus', 'POFA/fMRI_POFA/048a.tif'), ('gender', 'f')])
146.7108 	EXP 	image: autoDraw = False
146.7108 	EXP 	image: autoDraw = False
146.7108 	EXP 	image: image = 'POFA/fMRI_POFA/048a.tif'
146.7108 	EXP 	image: autoDraw = True
147.3058 	DATA 	Keypress: c
149.6820 	EXP 	New trial (rep=0, index=7): OrderedDict([('stimulus', 'POFA/fMRI_POFA/007a.tif'), ('gender', 'f')])
149.7268 	EXP 	image: autoDraw = False
149.7268 	EXP 	image: image = 'POFA/fMRI_POFA/007a.tif'
149.7268 	EXP 	image: autoDraw = True
150.3216 	DATA 	Keypress: c
152.6819 	EXP 	New trial (rep=0, index=8): OrderedDict([('stimulus', 'POFA/fMRI_POFA/042a.tif'), ('gender', 'f')])
152.7421 	EXP 	image: autoDraw = False
152.7421 	EXP 	image: image = 'POFA/fMRI_POFA/042a.tif'
152.7421 	EXP 	image: autoDraw = True
153.2590 	DATA 	Keypress: c
155.6819 	EXP 	New trial (rep=0, index=9): OrderedDict([('stimulus', 'POFA/fMRI_POFA/101a.tif'), ('gender', 'm')])
155.7421 	EXP 	image: autoDraw = False
155.7421 	EXP 	image: image = 'POFA/fMRI_POFA/101a.tif'
155.7421 	EXP 	image: autoDraw = True
156.5559 	DATA 	Keypress: b
156.8062 	DATA 	Keypress: b
158.6969 	EXP 	Imported neutral.csv as conditions, 10 conditions, 2 params
158.6974 	EXP 	Created sequence: random, trialTypes=10, nReps=1, seed=None
158.6980 	EXP 	New trial (rep=0, index=0): OrderedDict([('stimulus', 'POFA/fMRI_POFA/083a.tif'), ('gender', 'm')])
158.7580 	EXP 	image: autoDraw = False
158.7580 	EXP 	image_4: image = 'POFA/fMRI_POFA/083a.tif'
158.7580 	EXP 	image_4: autoDraw = True
159.3843 	DATA 	Keypress: b
159.6029 	DATA 	Keypress: b
161.6821 	EXP 	New trial (rep=0, index=1): OrderedDict([('stimulus', 'POFA/fMRI_POFA/056a.tif'), ('gender', 'f')])
161.7421 	EXP 	image_4: autoDraw = False
161.7421 	EXP 	image_4: image = 'POFA/fMRI_POFA/056a.tif'
161.7421 	EXP 	image_4: autoDraw = True
162.3530 	DATA 	Keypress: c
164.6820 	EXP 	New trial (rep=0, index=2): OrderedDict([('stimulus', 'POFA/fMRI_POFA/072a.tif'), ('gender', 'f')])
164.7422 	EXP 	image_4: autoDraw = False
164.7422 	EXP 	image_4: image = 'POFA/fMRI_POFA/072a.tif'
164.7422 	EXP 	image_4: autoDraw = True
165.3060 	DATA 	Keypress: c
167.6820 	EXP 	New trial (rep=0, index=3): OrderedDict([('stimulus', 'POFA/fMRI_POFA/033a.tif'), ('gender', 'm')])
167.7423 	EXP 	image_4: autoDraw = False
167.7423 	EXP 	image_4: image = 'POFA/fMRI_POFA/033a.tif'
167.7423 	EXP 	image_4: autoDraw = True
168.4007 	DATA 	Keypress: b
168.6185 	DATA 	Keypress: b
170.6821 	EXP 	New trial (rep=0, index=4): OrderedDict([('stimulus', 'POFA/fMRI_POFA/028a.tif'), ('gender', 'm')])
170.7423 	EXP 	image_4: autoDraw = False
170.7423 	EXP 	image_4: image = 'POFA/fMRI_POFA/028a.tif'
170.7423 	EXP 	image_4: autoDraw = True
171.4623 	DATA 	Keypress: b
171.6968 	DATA 	Keypress: b
173.6821 	EXP 	New trial (rep=0, index=5): OrderedDict([('stimulus', 'POFA/fMRI_POFA/047a.tif'), ('gender', 'f')])
173.7423 	EXP 	image_4: autoDraw = False
173.7423 	EXP 	image_4: image = 'POFA/fMRI_POFA/047a.tif'
173.7423 	EXP 	image_4: autoDraw = True
174.4156 	DATA 	Keypress: c
176.6821 	EXP 	New trial (rep=0, index=6): OrderedDict([('stimulus', 'POFA/fMRI_POFA/013a.tif'), ('gender', 'f')])
176.7489 	EXP 	image_4: autoDraw = False
176.7489 	EXP 	image_4: image = 'POFA/fMRI_POFA/013a.tif'
176.7489 	EXP 	image_4: autoDraw = True
177.3060 	DATA 	Keypress: c
179.6821 	EXP 	New trial (rep=0, index=7): OrderedDict([('stimulus', 'POFA/fMRI_POFA/006a.tif'), ('gender', 'f')])
179.7423 	EXP 	image_4: autoDraw = False
179.7423 	EXP 	image_4: image = 'POFA/fMRI_POFA/006a.tif'
179.7423 	EXP 	image_4: autoDraw = True
180.2749 	DATA 	Keypress: c
182.6822 	EXP 	New trial (rep=0, index=8): OrderedDict([('stimulus', 'POFA/fMRI_POFA/041a.tif'), ('gender', 'm')])
182.7430 	EXP 	image_4: autoDraw = False
182.7430 	EXP 	image_4: image = 'POFA/fMRI_POFA/041a.tif'
182.7430 	EXP 	image_4: autoDraw = True
183.4311 	DATA 	Keypress: b
183.6500 	DATA 	Keypress: b
185.6823 	EXP 	New trial (rep=0, index=9): OrderedDict([('stimulus', 'POFA/fMRI_POFA/021a.tif'), ('gender', 'm')])
185.7431 	EXP 	image_4: autoDraw = False
185.7431 	EXP 	image_4: image = 'POFA/fMRI_POFA/021a.tif'
185.7431 	EXP 	image_4: autoDraw = True
186.4008 	DATA 	Keypress: b
186.6657 	DATA 	Keypress: b
188.6986 	EXP 	Imported angry.csv as conditions, 10 conditions, 2 params
188.6995 	EXP 	Created sequence: random, trialTypes=10, nReps=1, seed=None
188.7005 	EXP 	New trial (rep=0, index=0): OrderedDict([('stimulus', 'POFA/fMRI_POFA/018a.tif'), ('gender', 'm')])
188.7352 	EXP 	image_4: autoDraw = False
188.7352 	EXP 	image_3: image = 'POFA/fMRI_POFA/018a.tif'
188.7352 	EXP 	image_3: autoDraw = True
189.3532 	DATA 	Keypress: b
189.6032 	DATA 	Keypress: b
191.6826 	EXP 	New trial (rep=0, index=1): OrderedDict([('stimulus', 'POFA/fMRI_POFA/061a.tif'), ('gender', 'f')])
191.7425 	EXP 	image_3: autoDraw = False
191.7425 	EXP 	image_3: image = 'POFA/fMRI_POFA/061a.tif'
191.7425 	EXP 	image_3: autoDraw = True
192.9781 	DATA 	Keypress: c
194.6822 	EXP 	New trial (rep=0, index=2): OrderedDict([('stimulus', 'POFA/fMRI_POFA/053a.tif'), ('gender', 'f')])
194.7425 	EXP 	image_3: autoDraw = False
194.7425 	EXP 	image_3: image = 'POFA/fMRI_POFA/053a.tif'
194.7425 	EXP 	image_3: autoDraw = True
195.3687 	DATA 	Keypress: c
197.6823 	EXP 	New trial (rep=0, index=3): OrderedDict([('stimulus', 'POFA/fMRI_POFA/038a.tif'), ('gender', 'm')])
197.7212 	EXP 	image_3: autoDraw = False
197.7212 	EXP 	image_3: image = 'POFA/fMRI_POFA/038a.tif'
197.7212 	EXP 	image_3: autoDraw = True
198.8844 	DATA 	Keypress: b
199.1502 	DATA 	Keypress: b
200.6823 	EXP 	New trial (rep=0, index=4): OrderedDict([('stimulus', 'POFA/fMRI_POFA/069a.tif'), ('gender', 'f')])
200.7430 	EXP 	image_3: autoDraw = False
200.7430 	EXP 	image_3: image = 'POFA/fMRI_POFA/069a.tif'
200.7430 	EXP 	image_3: autoDraw = True
202.9782 	DATA 	Keypress: c
203.6823 	EXP 	New trial (rep=0, index=5): OrderedDict([('stimulus', 'POFA/fMRI_POFA/010a.tif'), ('gender', 'f')])
203.7432 	EXP 	image_3: autoDraw = False
203.7432 	EXP 	image_3: image = 'POFA/fMRI_POFA/010a.tif'
203.7432 	EXP 	image_3: autoDraw = True
204.5094 	DATA 	Keypress: c
206.6823 	EXP 	New trial (rep=0, index=6): OrderedDict([('stimulus', 'POFA/fMRI_POFA/003a.tif'), ('gender', 'f')])
206.7426 	EXP 	image_3: autoDraw = False
206.7426 	EXP 	image_3: image = 'POFA/fMRI_POFA/003a.tif'
206.7426 	EXP 	image_3: autoDraw = True
207.4001 	DATA 	Keypress: c
209.6823 	EXP 	New trial (rep=0, index=7): OrderedDict([('stimulus', 'POFA/fMRI_POFA/044a.tif'), ('gender', 'f')])
209.7427 	EXP 	image_3: autoDraw = False
209.7427 	EXP 	image_3: image = 'POFA/fMRI_POFA/044a.tif'
209.7427 	EXP 	image_3: autoDraw = True
211.4939 	DATA 	Keypress: c
212.6824 	EXP 	New trial (rep=0, index=8): OrderedDict([('stimulus', 'POFA/fMRI_POFA/025a.tif'), ('gender', 'm')])
212.7427 	EXP 	image_3: autoDraw = False
212.7427 	EXP 	image_3: image = 'POFA/fMRI_POFA/025a.tif'
212.7427 	EXP 	image_3: autoDraw = True
213.6501 	DATA 	Keypress: b
213.9160 	DATA 	Keypress: b
215.6824 	EXP 	New trial (rep=0, index=9): OrderedDict([('stimulus', 'POFA/fMRI_POFA/030a.tif'), ('gender', 'm')])
215.7427 	EXP 	image_3: autoDraw = False
215.7427 	EXP 	image_3: image = 'POFA/fMRI_POFA/030a.tif'
215.7427 	EXP 	image_3: autoDraw = True
216.7908 	DATA 	Keypress: b
217.0724 	DATA 	Keypress: b
218.6982 	EXP 	Imported blank.csv as conditions, 10 conditions, 2 params
218.6992 	EXP 	Created sequence: random, trialTypes=10, nReps=1, seed=None
218.7001 	EXP 	New trial (rep=0, index=0): OrderedDict([('x', -0.2), ('y', -0.2)])
218.7117 	EXP 	image_3: autoDraw = False
218.7117 	EXP 	polygon: pos = array([-0.2, -0.2])
218.7117 	EXP 	polygon: autoDraw = True
219.7439 	DATA 	Keypress: c
221.6828 	EXP 	New trial (rep=0, index=1): OrderedDict([('x', 0.0), ('y', 0.4)])
221.6966 	EXP 	polygon: autoDraw = False
221.6966 	EXP 	polygon: pos = array([0. , 0.4])
221.6966 	EXP 	polygon: autoDraw = True
222.4482 	DATA 	Keypress: b
222.7130 	DATA 	Keypress: b
224.6826 	EXP 	New trial (rep=0, index=2): OrderedDict([('x', 0.0), ('y', 0.2)])
224.6966 	EXP 	polygon: autoDraw = False
224.6966 	EXP 	polygon: pos = array([0. , 0.2])
224.6966 	EXP 	polygon: autoDraw = True
225.9784 	DATA 	Keypress: c
227.6825 	EXP 	New trial (rep=0, index=3): OrderedDict([('x', -0.4), ('y', 0.2)])
227.6966 	EXP 	polygon: autoDraw = False
227.6966 	EXP 	polygon: pos = array([-0.4,  0.2])
227.6966 	EXP 	polygon: autoDraw = True
228.1973 	DATA 	Keypress: b
228.4161 	DATA 	Keypress: b
230.6825 	EXP 	New trial (rep=0, index=4): OrderedDict([('x', -0.4), ('y', 0.0)])
230.6966 	EXP 	polygon: autoDraw = False
230.6966 	EXP 	polygon: pos = array([-0.4,  0. ])
230.6966 	EXP 	polygon: autoDraw = True
231.0411 	DATA 	Keypress: c
233.6826 	EXP 	New trial (rep=0, index=5): OrderedDict([('x', 0.4), ('y', 0.4)])
233.6966 	EXP 	polygon: autoDraw = False
233.6966 	EXP 	polygon: pos = array([0.4, 0.4])
233.6966 	EXP 	polygon: autoDraw = True
234.3378 	DATA 	Keypress: b
234.5722 	DATA 	Keypress: b
236.6826 	EXP 	New trial (rep=0, index=6): OrderedDict([('x', -0.2), ('y', -0.4)])
236.6967 	EXP 	polygon: autoDraw = False
236.6967 	EXP 	polygon: pos = array([-0.2, -0.4])
236.6967 	EXP 	polygon: autoDraw = True
237.1660 	DATA 	Keypress: c
239.6826 	EXP 	New trial (rep=0, index=7): OrderedDict([('x', 0.2), ('y', 0.0)])
239.6967 	EXP 	polygon: autoDraw = False
239.6967 	EXP 	polygon: pos = array([0.2, 0. ])
239.6967 	EXP 	polygon: autoDraw = True
240.0410 	DATA 	Keypress: b
240.2443 	DATA 	Keypress: b
242.6826 	EXP 	New trial (rep=0, index=8): OrderedDict([('x', 0.2), ('y', -0.4)])
242.6967 	EXP 	polygon: autoDraw = False
242.6967 	EXP 	polygon: pos = array([ 0.2, -0.4])
242.6967 	EXP 	polygon: autoDraw = True
243.0257 	DATA 	Keypress: c
245.6827 	EXP 	New trial (rep=0, index=9): OrderedDict([('x', 0.4), ('y', -0.2)])
245.6968 	EXP 	polygon: autoDraw = False
245.6968 	EXP 	polygon: pos = array([ 0.4, -0.2])
245.6968 	EXP 	polygon: autoDraw = True
246.0410 	DATA 	Keypress: b
246.2443 	DATA 	Keypress: b
248.6990 	EXP 	Imported scrambled.csv as conditions, 10 conditions, 2 params
248.6999 	EXP 	Created sequence: random, trialTypes=10, nReps=1, seed=None
248.7009 	EXP 	New trial (rep=0, index=0): OrderedDict([('stimulus', 'POFA/fMRI_POFA/006c.tif'), ('gender', 'f')])
248.7430 	EXP 	polygon: autoDraw = False
248.7430 	EXP 	image_5: image = 'POFA/fMRI_POFA/006c.tif'
248.7430 	EXP 	image_5: autoDraw = True
249.4942 	DATA 	Keypress: c
251.6831 	EXP 	New trial (rep=0, index=1): OrderedDict([('stimulus', 'POFA/fMRI_POFA/033c.tif'), ('gender', 'm')])
251.7430 	EXP 	image_5: autoDraw = False
251.7430 	EXP 	image_5: image = 'POFA/fMRI_POFA/033c.tif'
251.7430 	EXP 	image_5: autoDraw = True
252.1808 	DATA 	Keypress: b
252.3695 	DATA 	Keypress: b
254.6828 	EXP 	New trial (rep=0, index=2): OrderedDict([('stimulus', 'POFA/fMRI_POFA/013c.tif'), ('gender', 'f')])
254.7430 	EXP 	image_5: autoDraw = False
254.7430 	EXP 	image_5: image = 'POFA/fMRI_POFA/013c.tif'
254.7430 	EXP 	image_5: autoDraw = True
255.1818 	DATA 	Keypress: c
257.6828 	EXP 	New trial (rep=0, index=3): OrderedDict([('stimulus', 'POFA/fMRI_POFA/021c.tif'), ('gender', 'm')])
257.7274 	EXP 	image_5: autoDraw = False
257.7274 	EXP 	image_5: image = 'POFA/fMRI_POFA/021c.tif'
257.7274 	EXP 	image_5: autoDraw = True
258.2443 	DATA 	Keypress: b
258.5101 	DATA 	Keypress: b
260.6828 	EXP 	New trial (rep=0, index=4): OrderedDict([('stimulus', 'POFA/fMRI_POFA/072c.tif'), ('gender', 'f')])
260.7431 	EXP 	image_5: autoDraw = False
260.7431 	EXP 	image_5: image = 'POFA/fMRI_POFA/072c.tif'
260.7431 	EXP 	image_5: autoDraw = True
261.0728 	DATA 	Keypress: c
263.6828 	EXP 	New trial (rep=0, index=5): OrderedDict([('stimulus', 'POFA/fMRI_POFA/083c.tif'), ('gender', 'm')])
263.7431 	EXP 	image_5: autoDraw = False
263.7431 	EXP 	image_5: image = 'POFA/fMRI_POFA/083c.tif'
263.7431 	EXP 	image_5: autoDraw = True
264.0882 	DATA 	Keypress: b
264.3539 	DATA 	Keypress: b
266.6829 	EXP 	New trial (rep=0, index=6): OrderedDict([('stimulus', 'POFA/fMRI_POFA/033c.tif'), ('gender', 'm')])
266.7431 	EXP 	image_5: autoDraw = False
266.7431 	EXP 	image_5: image = 'POFA/fMRI_POFA/033c.tif'
266.7431 	EXP 	image_5: autoDraw = True
267.0569 	DATA 	Keypress: c
269.6830 	EXP 	New trial (rep=0, index=7): OrderedDict([('stimulus', 'POFA/fMRI_POFA/006c.tif'), ('gender', 'f')])
269.7431 	EXP 	image_5: autoDraw = False
269.7431 	EXP 	image_5: image = 'POFA/fMRI_POFA/006c.tif'
269.7431 	EXP 	image_5: autoDraw = True
270.1039 	DATA 	Keypress: b
270.4009 	DATA 	Keypress: b
272.6829 	EXP 	New trial (rep=0, index=8): OrderedDict([('stimulus', 'POFA/fMRI_POFA/013c.tif'), ('gender', 'f')])
272.7438 	EXP 	image_5: autoDraw = False
272.7438 	EXP 	image_5: image = 'POFA/fMRI_POFA/013c.tif'
272.7438 	EXP 	image_5: autoDraw = True
273.0413 	DATA 	Keypress: c
275.6830 	EXP 	New trial (rep=0, index=9): OrderedDict([('stimulus', 'POFA/fMRI_POFA/021c.tif'), ('gender', 'm')])
275.7432 	EXP 	image_5: autoDraw = False
275.7432 	EXP 	image_5: image = 'POFA/fMRI_POFA/021c.tif'
275.7432 	EXP 	image_5: autoDraw = True
276.0257 	DATA 	Keypress: b
276.2915 	DATA 	Keypress: b
278.6995 	EXP 	Imported sad.csv as conditions, 10 conditions, 2 params
278.7004 	EXP 	Created sequence: random, trialTypes=10, nReps=1, seed=None
278.7013 	EXP 	New trial (rep=0, index=0): OrderedDict([('stimulus', 'POFA/fMRI_POFA/002a.tif'), ('gender', 'f')])
278.7432 	EXP 	image_5: autoDraw = False
278.7432 	EXP 	image_2: image = 'POFA/fMRI_POFA/002a.tif'
278.7432 	EXP 	image_2: autoDraw = True
279.5570 	DATA 	Keypress: c
281.6834 	EXP 	New trial (rep=0, index=1): OrderedDict([('stimulus', 'POFA/fMRI_POFA/033a-sad.tif'), ('gender', 'm')])
281.7432 	EXP 	image_2: autoDraw = False
281.7432 	EXP 	image_2: image = 'POFA/fMRI_POFA/033a-sad.tif'
281.7432 	EXP 	image_2: autoDraw = True
282.3539 	DATA 	Keypress: b
282.5728 	DATA 	Keypress: b
284.6829 	EXP 	New trial (rep=0, index=2): OrderedDict([('stimulus', 'POFA/fMRI_POFA/094a.tif'), ('gender', 'f')])
284.7433 	EXP 	image_2: autoDraw = False
284.7433 	EXP 	image_2: image = 'POFA/fMRI_POFA/094a.tif'
284.7433 	EXP 	image_2: autoDraw = True
285.3851 	DATA 	Keypress: c
287.6830 	EXP 	New trial (rep=0, index=3): OrderedDict([('stimulus', 'POFA/fMRI_POFA/049a.tif'), ('gender', 'f')])
287.7433 	EXP 	image_2: autoDraw = False
287.7433 	EXP 	image_2: image = 'POFA/fMRI_POFA/049a.tif'
287.7433 	EXP 	image_2: autoDraw = True
288.2759 	DATA 	Keypress: c
290.6831 	EXP 	New trial (rep=0, index=4): OrderedDict([('stimulus', 'POFA/fMRI_POFA/058a.tif'), ('gender', 'f')])
290.7433 	EXP 	image_2: autoDraw = False
290.7433 	EXP 	image_2: image = 'POFA/fMRI_POFA/058a.tif'
290.7433 	EXP 	image_2: autoDraw = True
291.3227 	DATA 	Keypress: c
293.6831 	EXP 	New trial (rep=0, index=5): OrderedDict([('stimulus', 'POFA/fMRI_POFA/086a.tif'), ('gender', 'f')])
293.7434 	EXP 	image_2: autoDraw = False
293.7434 	EXP 	image_2: image = 'POFA/fMRI_POFA/086a.tif'
293.7434 	EXP 	image_2: autoDraw = True
294.3540 	DATA 	Keypress: c
296.6834 	EXP 	New trial (rep=0, index=6): OrderedDict([('stimulus', 'POFA/fMRI_POFA/008a.tif'), ('gender', 'f')])
296.7433 	EXP 	image_2: autoDraw = False
296.7433 	EXP 	image_2: image = 'POFA/fMRI_POFA/008a.tif'
296.7433 	EXP 	image_2: autoDraw = True
297.3853 	DATA 	Keypress: c
299.6831 	EXP 	New trial (rep=0, index=7): OrderedDict([('stimulus', 'POFA/fMRI_POFA/023a.tif'), ('gender', 'm')])
299.7434 	EXP 	image_2: autoDraw = False
299.7434 	EXP 	image_2: image = 'POFA/fMRI_POFA/023a.tif'
299.7434 	EXP 	image_2: autoDraw = True
300.4166 	DATA 	Keypress: b
300.6979 	DATA 	Keypress: b
302.6829 	EXP 	New trial (rep=0, index=8): OrderedDict([('stimulus', 'POFA/fMRI_POFA/067a.tif'), ('gender', 'f')])
302.7434 	EXP 	image_2: autoDraw = False
302.7434 	EXP 	image_2: image = 'POFA/fMRI_POFA/067a.tif'
302.7434 	EXP 	image_2: autoDraw = True
303.3540 	DATA 	Keypress: c
305.6832 	EXP 	New trial (rep=0, index=9): OrderedDict([('stimulus', 'POFA/fMRI_POFA/015a.tif'), ('gender', 'm')])
305.7434 	EXP 	image_2: autoDraw = False
305.7434 	EXP 	image_2: image = 'POFA/fMRI_POFA/015a.tif'
305.7434 	EXP 	image_2: autoDraw = True
306.4322 	DATA 	Keypress: b
306.7136 	DATA 	Keypress: b
308.6991 	EXP 	Imported happy.csv as conditions, 10 conditions, 2 params
308.7000 	EXP 	Created sequence: random, trialTypes=10, nReps=1, seed=None
308.7010 	EXP 	New trial (rep=0, index=0): OrderedDict([('stimulus', 'POFA/fMRI_POFA/057a.tif'), ('gender', 'f')])
308.7434 	EXP 	image_2: autoDraw = False
308.7434 	EXP 	image: image = 'POFA/fMRI_POFA/057a.tif'
308.7434 	EXP 	image: autoDraw = True
309.3385 	DATA 	Keypress: c
311.6836 	EXP 	New trial (rep=0, index=1): OrderedDict([('stimulus', 'POFA/fMRI_POFA/093a.tif'), ('gender', 'f')])
311.7435 	EXP 	image: autoDraw = False
311.7435 	EXP 	image: image = 'POFA/fMRI_POFA/093a.tif'
311.7435 	EXP 	image: autoDraw = True
312.3698 	DATA 	Keypress: c
314.6833 	EXP 	New trial (rep=0, index=2): OrderedDict([('stimulus', 'POFA/fMRI_POFA/084a.tif'), ('gender', 'f')])
314.7436 	EXP 	image: autoDraw = False
314.7436 	EXP 	image: image = 'POFA/fMRI_POFA/084a.tif'
314.7436 	EXP 	image: autoDraw = True
315.3072 	DATA 	Keypress: c
317.6833 	EXP 	New trial (rep=0, index=3): OrderedDict([('stimulus', 'POFA/fMRI_POFA/066a.tif'), ('gender', 'f')])
317.7441 	EXP 	image: autoDraw = False
317.7441 	EXP 	image: image = 'POFA/fMRI_POFA/066a.tif'
317.7441 	EXP 	image: autoDraw = True
318.6354 	DATA 	Keypress: c
320.6833 	EXP 	New trial (rep=0, index=4): OrderedDict([('stimulus', 'POFA/fMRI_POFA/007a.tif'), ('gender', 'f')])
320.7442 	EXP 	image: autoDraw = False
320.7442 	EXP 	image: image = 'POFA/fMRI_POFA/007a.tif'
320.7442 	EXP 	image: autoDraw = True
321.2606 	DATA 	Keypress: c
323.6833 	EXP 	New trial (rep=0, index=5): OrderedDict([('stimulus', 'POFA/fMRI_POFA/014a.tif'), ('gender', 'm')])
323.7436 	EXP 	image: autoDraw = False
323.7436 	EXP 	image: image = 'POFA/fMRI_POFA/014a.tif'
323.7436 	EXP 	image: autoDraw = True
324.5417 	DATA 	Keypress: b
324.8230 	DATA 	Keypress: b
326.6834 	EXP 	New trial (rep=0, index=6): OrderedDict([('stimulus', 'POFA/fMRI_POFA/048a.tif'), ('gender', 'f')])
326.7436 	EXP 	image: autoDraw = False
326.7436 	EXP 	image: image = 'POFA/fMRI_POFA/048a.tif'
326.7436 	EXP 	image: autoDraw = True
327.4011 	DATA 	Keypress: c
329.6834 	EXP 	New trial (rep=0, index=7): OrderedDict([('stimulus', 'POFA/fMRI_POFA/042a.tif'), ('gender', 'f')])
329.7439 	EXP 	image: autoDraw = False
329.7439 	EXP 	image: image = 'POFA/fMRI_POFA/042a.tif'
329.7439 	EXP 	image: autoDraw = True
330.5730 	DATA 	Keypress: c
332.6834 	EXP 	New trial (rep=0, index=8): OrderedDict([('stimulus', 'POFA/fMRI_POFA/001a.tif'), ('gender', 'f')])
332.7596 	EXP 	image: autoDraw = False
332.7596 	EXP 	image: image = 'POFA/fMRI_POFA/001a.tif'
332.7596 	EXP 	image: autoDraw = True
333.4325 	DATA 	Keypress: c
335.6835 	EXP 	New trial (rep=0, index=9): OrderedDict([('stimulus', 'POFA/fMRI_POFA/101a.tif'), ('gender', 'm')])
335.7437 	EXP 	image: autoDraw = False
335.7437 	EXP 	image: image = 'POFA/fMRI_POFA/101a.tif'
335.7437 	EXP 	image: autoDraw = True
336.4169 	DATA 	Keypress: b
336.6514 	DATA 	Keypress: b
338.6998 	EXP 	Imported neutral.csv as conditions, 10 conditions, 2 params
338.7007 	EXP 	Created sequence: random, trialTypes=10, nReps=1, seed=None
338.7017 	EXP 	New trial (rep=0, index=0): OrderedDict([('stimulus', 'POFA/fMRI_POFA/072a.tif'), ('gender', 'f')])
338.7437 	EXP 	image: autoDraw = False
338.7437 	EXP 	image_4: image = 'POFA/fMRI_POFA/072a.tif'
338.7437 	EXP 	image_4: autoDraw = True
339.4169 	DATA 	Keypress: c
341.6839 	EXP 	New trial (rep=0, index=1): OrderedDict([('stimulus', 'POFA/fMRI_POFA/033a.tif'), ('gender', 'm')])
341.7438 	EXP 	image_4: autoDraw = False
341.7438 	EXP 	image_4: image = 'POFA/fMRI_POFA/033a.tif'
341.7438 	EXP 	image_4: autoDraw = True
342.8076 	DATA 	Keypress: b
343.0735 	DATA 	Keypress: b
344.6835 	EXP 	New trial (rep=0, index=2): OrderedDict([('stimulus', 'POFA/fMRI_POFA/056a.tif'), ('gender', 'f')])
344.7438 	EXP 	image_4: autoDraw = False
344.7438 	EXP 	image_4: image = 'POFA/fMRI_POFA/056a.tif'
344.7438 	EXP 	image_4: autoDraw = True
345.4012 	DATA 	Keypress: c
347.6835 	EXP 	New trial (rep=0, index=3): OrderedDict([('stimulus', 'POFA/fMRI_POFA/021a.tif'), ('gender', 'm')])
347.7440 	EXP 	image_4: autoDraw = False
347.7440 	EXP 	image_4: image = 'POFA/fMRI_POFA/021a.tif'
347.7440 	EXP 	image_4: autoDraw = True
348.6200 	DATA 	Keypress: b
348.8398 	DATA 	Keypress: b
350.6836 	EXP 	New trial (rep=0, index=4): OrderedDict([('stimulus', 'POFA/fMRI_POFA/006a.tif'), ('gender', 'f')])
350.7440 	EXP 	image_4: autoDraw = False
350.7440 	EXP 	image_4: image = 'POFA/fMRI_POFA/006a.tif'
350.7440 	EXP 	image_4: autoDraw = True
351.2919 	DATA 	Keypress: c
353.6836 	EXP 	New trial (rep=0, index=5): OrderedDict([('stimulus', 'POFA/fMRI_POFA/013a.tif'), ('gender', 'f')])
353.7440 	EXP 	image_4: autoDraw = False
353.7440 	EXP 	image_4: image = 'POFA/fMRI_POFA/013a.tif'
353.7440 	EXP 	image_4: autoDraw = True
354.2607 	DATA 	Keypress: c
356.6836 	EXP 	New trial (rep=0, index=6): OrderedDict([('stimulus', 'POFA/fMRI_POFA/028a.tif'), ('gender', 'm')])
356.7441 	EXP 	image_4: autoDraw = False
356.7441 	EXP 	image_4: image = 'POFA/fMRI_POFA/028a.tif'
356.7441 	EXP 	image_4: autoDraw = True
357.3076 	DATA 	Keypress: b
357.5579 	DATA 	Keypress: b
359.6836 	EXP 	New trial (rep=0, index=7): OrderedDict([('stimulus', 'POFA/fMRI_POFA/041a.tif'), ('gender', 'm')])
359.7446 	EXP 	image_4: autoDraw = False
359.7446 	EXP 	image_4: image = 'POFA/fMRI_POFA/041a.tif'
359.7446 	EXP 	image_4: autoDraw = True
360.5420 	DATA 	Keypress: b
360.7453 	DATA 	Keypress: b
362.6836 	EXP 	New trial (rep=0, index=8): OrderedDict([('stimulus', 'POFA/fMRI_POFA/047a.tif'), ('gender', 'f')])
362.7441 	EXP 	image_4: autoDraw = False
362.7441 	EXP 	image_4: image = 'POFA/fMRI_POFA/047a.tif'
362.7441 	EXP 	image_4: autoDraw = True
363.8859 	DATA 	Keypress: c
365.6837 	EXP 	New trial (rep=0, index=9): OrderedDict([('stimulus', 'POFA/fMRI_POFA/083a.tif'), ('gender', 'm')])
365.7441 	EXP 	image_4: autoDraw = False
365.7441 	EXP 	image_4: image = 'POFA/fMRI_POFA/083a.tif'
365.7441 	EXP 	image_4: autoDraw = True
366.5421 	DATA 	Keypress: b
366.7609 	DATA 	Keypress: b
368.7011 	EXP 	Imported angry.csv as conditions, 10 conditions, 2 params
368.7022 	EXP 	Created sequence: random, trialTypes=10, nReps=1, seed=None
368.7033 	EXP 	New trial (rep=0, index=0): OrderedDict([('stimulus', 'POFA/fMRI_POFA/010a.tif'), ('gender', 'f')])
368.7596 	EXP 	image_4: autoDraw = False
368.7596 	EXP 	image_3: image = 'POFA/fMRI_POFA/010a.tif'
368.7596 	EXP 	image_3: autoDraw = True
369.7614 	DATA 	Keypress: c
371.6841 	EXP 	New trial (rep=0, index=1): OrderedDict([('stimulus', 'POFA/fMRI_POFA/025a.tif'), ('gender', 'm')])
371.7596 	EXP 	image_3: autoDraw = False
371.7596 	EXP 	image_3: image = 'POFA/fMRI_POFA/025a.tif'
371.7596 	EXP 	image_3: autoDraw = True
372.3858 	DATA 	Keypress: b
372.6048 	DATA 	Keypress: b
374.6837 	EXP 	New trial (rep=0, index=2): OrderedDict([('stimulus', 'POFA/fMRI_POFA/044a.tif'), ('gender', 'f')])
374.7440 	EXP 	image_3: autoDraw = False
374.7440 	EXP 	image_3: image = 'POFA/fMRI_POFA/044a.tif'
374.7440 	EXP 	image_3: autoDraw = True
375.3078 	DATA 	Keypress: c
377.6840 	EXP 	New trial (rep=0, index=3): OrderedDict([('stimulus', 'POFA/fMRI_POFA/069a.tif'), ('gender', 'f')])
377.7442 	EXP 	image_3: autoDraw = False
377.7442 	EXP 	image_3: image = 'POFA/fMRI_POFA/069a.tif'
377.7442 	EXP 	image_3: autoDraw = True
378.3235 	DATA 	Keypress: c
380.6838 	EXP 	New trial (rep=0, index=4): OrderedDict([('stimulus', 'POFA/fMRI_POFA/018a.tif'), ('gender', 'm')])
380.7447 	EXP 	image_3: autoDraw = False
380.7447 	EXP 	image_3: image = 'POFA/fMRI_POFA/018a.tif'
380.7447 	EXP 	image_3: autoDraw = True
381.4642 	DATA 	Keypress: b
381.6985 	DATA 	Keypress: b
383.6838 	EXP 	New trial (rep=0, index=5): OrderedDict([('stimulus', 'POFA/fMRI_POFA/053a.tif'), ('gender', 'f')])
383.7441 	EXP 	image_3: autoDraw = False
383.7441 	EXP 	image_3: image = 'POFA/fMRI_POFA/053a.tif'
383.7441 	EXP 	image_3: autoDraw = True
384.6359 	DATA 	Keypress: c
386.6839 	EXP 	New trial (rep=0, index=6): OrderedDict([('stimulus', 'POFA/fMRI_POFA/003a.tif'), ('gender', 'f')])
386.7290 	EXP 	image_3: autoDraw = False
386.7290 	EXP 	image_3: image = 'POFA/fMRI_POFA/003a.tif'
386.7290 	EXP 	image_3: autoDraw = True
387.2766 	DATA 	Keypress: c
389.6839 	EXP 	New trial (rep=0, index=7): OrderedDict([('stimulus', 'POFA/fMRI_POFA/061a.tif'), ('gender', 'f')])
389.7288 	EXP 	image_3: autoDraw = False
389.7288 	EXP 	image_3: image = 'POFA/fMRI_POFA/061a.tif'
389.7288 	EXP 	image_3: autoDraw = True
390.3860 	DATA 	Keypress: c
392.6839 	EXP 	New trial (rep=0, index=8): OrderedDict([('stimulus', 'POFA/fMRI_POFA/030a.tif'), ('gender', 'm')])
392.7286 	EXP 	image_3: autoDraw = False
392.7286 	EXP 	image_3: image = 'POFA/fMRI_POFA/030a.tif'
392.7286 	EXP 	image_3: autoDraw = True
393.6986 	DATA 	Keypress: b
393.9333 	DATA 	Keypress: b
395.6839 	EXP 	New trial (rep=0, index=9): OrderedDict([('stimulus', 'POFA/fMRI_POFA/038a.tif'), ('gender', 'm')])
395.7286 	EXP 	image_3: autoDraw = False
395.7286 	EXP 	image_3: image = 'POFA/fMRI_POFA/038a.tif'
395.7286 	EXP 	image_3: autoDraw = True
396.3861 	DATA 	Keypress: b
396.5894 	DATA 	Keypress: b
398.6987 	EXP 	Imported blank.csv as conditions, 10 conditions, 2 params
398.6992 	EXP 	Created sequence: random, trialTypes=10, nReps=1, seed=None
398.6998 	EXP 	New trial (rep=0, index=0): OrderedDict([('x', 0.0), ('y', 0.4)])
398.7133 	EXP 	image_3: autoDraw = False
398.7133 	EXP 	polygon: pos = array([0. , 0.4])
398.7133 	EXP 	polygon: autoDraw = True
399.5582 	DATA 	Keypress: c
401.6844 	EXP 	New trial (rep=0, index=1): OrderedDict([('x', -0.2), ('y', -0.2)])
401.6980 	EXP 	polygon: autoDraw = False
401.6980 	EXP 	polygon: pos = array([-0.2, -0.2])
401.6980 	EXP 	polygon: autoDraw = True
402.0893 	DATA 	Keypress: b
402.2926 	DATA 	Keypress: b
404.6840 	EXP 	New trial (rep=0, index=2): OrderedDict([('x', -0.2), ('y', -0.4)])
404.6981 	EXP 	polygon: autoDraw = False
404.6981 	EXP 	polygon: pos = array([-0.2, -0.4])
404.6981 	EXP 	polygon: autoDraw = True
405.2768 	DATA 	Keypress: c
407.6840 	EXP 	New trial (rep=0, index=3): OrderedDict([('x', 0.2), ('y', -0.4)])
407.6981 	EXP 	polygon: autoDraw = False
407.6981 	EXP 	polygon: pos = array([ 0.2, -0.4])
407.6981 	EXP 	polygon: autoDraw = True
408.7299 	DATA 	Keypress: b
408.9801 	DATA 	Keypress: b
410.6841 	EXP 	New trial (rep=0, index=4): OrderedDict([('x', -0.4), ('y', 0.2)])
410.6981 	EXP 	polygon: autoDraw = False
410.6981 	EXP 	polygon: pos = array([-0.4,  0.2])
410.6981 	EXP 	polygon: autoDraw = True
411.0582 	DATA 	Keypress: c
413.6842 	EXP 	New trial (rep=0, index=5): OrderedDict([('x', 0.2), ('y', 0.0)])
413.6981 	EXP 	polygon: autoDraw = False
413.6981 	EXP 	polygon: pos = array([0.2, 0. ])
413.6981 	EXP 	polygon: autoDraw = True
414.1050 	DATA 	Keypress: b
414.3551 	DATA 	Keypress: b
416.6841 	EXP 	New trial (rep=0, index=6): OrderedDict([('x', 0.4), ('y', 0.4)])
416.6982 	EXP 	polygon: autoDraw = False
416.6982 	EXP 	polygon: pos = array([0.4, 0.4])
416.6982 	EXP 	polygon: autoDraw = True
417.0737 	DATA 	Keypress: c
419.6842 	EXP 	New trial (rep=0, index=7): OrderedDict([('x', -0.4), ('y', 0.0)])
419.6982 	EXP 	polygon: autoDraw = False
419.6982 	EXP 	polygon: pos = array([-0.4,  0. ])
419.6982 	EXP 	polygon: autoDraw = True
419.9956 	DATA 	Keypress: b
420.2143 	DATA 	Keypress: b
422.6842 	EXP 	New trial (rep=0, index=8): OrderedDict([('x', 0.4), ('y', -0.2)])
422.6982 	EXP 	polygon: autoDraw = False
422.6982 	EXP 	polygon: pos = array([ 0.4, -0.2])
422.6982 	EXP 	polygon: autoDraw = True
423.0738 	DATA 	Keypress: c
425.6842 	EXP 	New trial (rep=0, index=9): OrderedDict([('x', 0.0), ('y', 0.2)])
425.6982 	EXP 	polygon: autoDraw = False
425.6982 	EXP 	polygon: pos = array([0. , 0.2])
425.6982 	EXP 	polygon: autoDraw = True
426.1363 	DATA 	Keypress: b
426.4022 	DATA 	Keypress: b
428.6983 	EXP 	polygon: autoDraw = False
428.6983 	EXP 	polygon_2: autoDraw = True
439.0256 	EXP 	window1: mouseVisible = True
