13.7064 	EXP 	Created window1 = Window(allowGUI=False, allowStencil=False, args=UNKNOWN, autoLog=True, bitsMode=UNKNOWN, blendMode='avg', color=array([-1., -1., -1.]), colorSpace='rgb', fullscr=<method-wrapper '__getattribute__' of attributeSetter object at 0x09A17F50>, gamma=None, kwargs=UNKNOWN, lms=UNKNOWN, monitor=<psychopy.monitors.calibTools.Monitor object at 0x0D7750F0>, multiSample=False, name='window1', numSamples=2, pos=[0.0, 0.0], screen=0, size=array([800, 600]), stereo=False, units='height', useFBO=True, useRetina=False, viewOri=0.0, viewPos=None, viewScale=None, waitBlanking=True, winType='pyglet')
13.7065 	EXP 	window1: recordFrameIntervals = False
13.8607 	EXP 	window1: recordFrameIntervals = True
14.0326 	EXP 	window1: recordFrameIntervals = False
14.1861 	EXP 	Created text = TextStim(__class__=<class 'psychopy.visual.text.TextStim'>, alignHoriz='center', alignVert='center', antialias=True, autoLog=True, bold=False, color='white', colorSpace='named', contrast=1.0, depth=0.0, flipHoriz=False, flipVert=False, font='Arial', fontFiles=[], height=0.08, italic=False, languageStyle='LTR', name='text', opacity=1.0, ori=0, pos=array([0., 0.]), rgb=array([255., 255., 255.]), text=str(...), units='height', win=Window(...), wrapWidth=1)
14.2082 	EXP 	Created text_2 = TextStim(__class__=<class 'psychopy.visual.text.TextStim'>, alignHoriz='center', alignVert='center', antialias=True, autoLog=True, bold=False, color='white', colorSpace='named', contrast=1.0, depth=0.0, flipHoriz=False, flipVert=False, font='Arial', fontFiles=[], height=0.08, italic=False, languageStyle='LTR', name='text_2', opacity=1.0, ori=0, pos=array([0., 0.]), rgb=array([255., 255., 255.]), text=str(...), units='height', win=Window(...), wrapWidth=1)
14.2399 	EXP 	Created text_3 = TextStim(__class__=<class 'psychopy.visual.text.TextStim'>, alignHoriz='center', alignVert='center', antialias=True, autoLog=True, bold=False, color='white', colorSpace='named', contrast=1.0, depth=0.0, flipHoriz=False, flipVert=False, font='Arial', fontFiles=[], height=0.08, italic=False, languageStyle='LTR', name='text_3', opacity=1.0, ori=0, pos=array([0., 0.]), rgb=array([255., 255., 255.]), text=str(...), units='height', win=Window(...), wrapWidth=1)
14.2459 	EXP 	Created polygon_3 = ShapeStim(__class__=<class 'psychopy.visual.shape.ShapeStim'>, autoDraw=False, autoLog=True, closeShape=True, contrast=1.0, depth=0.0, fillColor=array([1., 1., 1.]), fillColorSpace='rgb', interpolate=True, lineColor=array([1., 1., 1.]), lineColorSpace='rgb', lineWidth=1, name='polygon_3', opacity=0.2, ori=array(0.), pos=array([0., 0.]), size=array([1., 1.]), units='height', vertices=ndarray(...), win=Window(...), windingRule=None)
14.2515 	EXP 	Created image_2 = ImageStim(__class__=<class 'psychopy.visual.image.ImageStim'>, autoLog=True, color=array([1., 1., 1.]), colorSpace='rgb', contrast=1.0, depth=0.0, flipHoriz=False, flipVert=False, image='sin', interpolate=True, mask=None, maskParams=None, name='image_2', opacity=1.0, ori=0.0, pos=array([0., 0.]), size=array([1., 1.]), texRes=128, units='height', win=Window(...))
14.2535 	EXP 	Created image_4 = ImageStim(__class__=<class 'psychopy.visual.image.ImageStim'>, autoLog=True, color=array([1., 1., 1.]), colorSpace='rgb', contrast=1.0, depth=0.0, flipHoriz=False, flipVert=False, image='sin', interpolate=True, mask=None, maskParams=None, name='image_4', opacity=1.0, ori=0.0, pos=array([0., 0.]), size=array([1., 1.]), texRes=128, units='height', win=Window(...))
14.2550 	EXP 	Created polygon = ShapeStim(__class__=<class 'psychopy.visual.shape.ShapeStim'>, autoDraw=False, autoLog=True, closeShape=True, contrast=1.0, depth=0.0, fillColor=array([1., 1., 1.]), fillColorSpace='rgb', interpolate=True, lineColor=array([1., 1., 1.]), lineColorSpace='rgb', lineWidth=1, name='polygon', opacity=0.2, ori=array(0.), pos=array([0., 0.]), size=array([0.05, 0.05]), units='height', vertices=ndarray(...), win=Window(...), windingRule=None)
14.2575 	EXP 	Created image_3 = ImageStim(__class__=<class 'psychopy.visual.image.ImageStim'>, autoLog=True, color=array([1., 1., 1.]), colorSpace='rgb', contrast=1.0, depth=0.0, flipHoriz=False, flipVert=False, image='sin', interpolate=True, mask=None, maskParams=None, name='image_3', opacity=1.0, ori=0.0, pos=array([0., 0.]), size=array([1., 1.]), texRes=128, units='height', win=Window(...))
14.2594 	EXP 	Created image_5 = ImageStim(__class__=<class 'psychopy.visual.image.ImageStim'>, autoLog=True, color=array([1., 1., 1.]), colorSpace='rgb', contrast=1.0, depth=0.0, flipHoriz=False, flipVert=False, image='sin', interpolate=True, mask=None, maskParams=None, name='image_5', opacity=1.0, ori=0.0, pos=array([0., 0.]), size=array([1., 1.]), texRes=128, units='height', win=Window(...))
14.2616 	EXP 	Created image = ImageStim(__class__=<class 'psychopy.visual.image.ImageStim'>, autoLog=True, color=array([1., 1., 1.]), colorSpace='rgb', contrast=1.0, depth=0.0, flipHoriz=False, flipVert=False, image='sin', interpolate=True, mask=None, maskParams=None, name='image', opacity=1.0, ori=0.0, pos=array([0., 0.]), size=array([1., 1.]), texRes=128, units='height', win=Window(...))
14.2638 	EXP 	Created image_2 = ImageStim(__class__=<class 'psychopy.visual.image.ImageStim'>, autoLog=True, color=array([1., 1., 1.]), colorSpace='rgb', contrast=1.0, depth=0.0, flipHoriz=False, flipVert=False, image='sin', interpolate=True, mask=None, maskParams=None, name='image_2', opacity=1.0, ori=0.0, pos=array([0., 0.]), size=array([1., 1.]), texRes=128, units='height', win=Window(...))
14.2661 	EXP 	Created image_4 = ImageStim(__class__=<class 'psychopy.visual.image.ImageStim'>, autoLog=True, color=array([1., 1., 1.]), colorSpace='rgb', contrast=1.0, depth=0.0, flipHoriz=False, flipVert=False, image='sin', interpolate=True, mask=None, maskParams=None, name='image_4', opacity=1.0, ori=0.0, pos=array([0., 0.]), size=array([1., 1.]), texRes=128, units='height', win=Window(...))
14.2678 	EXP 	Created polygon = ShapeStim(__class__=<class 'psychopy.visual.shape.ShapeStim'>, autoDraw=False, autoLog=True, closeShape=True, contrast=1.0, depth=0.0, fillColor=array([1., 1., 1.]), fillColorSpace='rgb', interpolate=True, lineColor=array([1., 1., 1.]), lineColorSpace='rgb', lineWidth=1, name='polygon', opacity=0.2, ori=array(0.), pos=array([0., 0.]), size=array([0.05, 0.05]), units='height', vertices=ndarray(...), win=Window(...), windingRule=None)
14.2700 	EXP 	Created image_3 = ImageStim(__class__=<class 'psychopy.visual.image.ImageStim'>, autoLog=True, color=array([1., 1., 1.]), colorSpace='rgb', contrast=1.0, depth=0.0, flipHoriz=False, flipVert=False, image='sin', interpolate=True, mask=None, maskParams=None, name='image_3', opacity=1.0, ori=0.0, pos=array([0., 0.]), size=array([1., 1.]), texRes=128, units='height', win=Window(...))
14.2722 	EXP 	Created image_5 = ImageStim(__class__=<class 'psychopy.visual.image.ImageStim'>, autoLog=True, color=array([1., 1., 1.]), colorSpace='rgb', contrast=1.0, depth=0.0, flipHoriz=False, flipVert=False, image='sin', interpolate=True, mask=None, maskParams=None, name='image_5', opacity=1.0, ori=0.0, pos=array([0., 0.]), size=array([1., 1.]), texRes=128, units='height', win=Window(...))
14.2746 	EXP 	Created image = ImageStim(__class__=<class 'psychopy.visual.image.ImageStim'>, autoLog=True, color=array([1., 1., 1.]), colorSpace='rgb', contrast=1.0, depth=0.0, flipHoriz=False, flipVert=False, image='sin', interpolate=True, mask=None, maskParams=None, name='image', opacity=1.0, ori=0.0, pos=array([0., 0.]), size=array([1., 1.]), texRes=128, units='height', win=Window(...))
14.2759 	EXP 	Created polygon_2 = ShapeStim(__class__=<class 'psychopy.visual.shape.ShapeStim'>, autoDraw=False, autoLog=True, closeShape=True, contrast=1.0, depth=0.0, fillColor=array([1., 1., 1.]), fillColorSpace='rgb', interpolate=True, lineColor=array([1., 1., 1.]), lineColorSpace='rgb', lineWidth=1, name='polygon_2', opacity=0.0, ori=array(0.), pos=array([0., 0.]), size=array([1., 1.]), units='height', vertices=ndarray(...), win=Window(...), windingRule=None)
14.2980 	EXP 	text: autoDraw = True
83.4244 	DATA 	Keypress: c
83.4395 	EXP 	text: autoDraw = False
83.4395 	EXP 	text_2: autoDraw = True
89.9400 	DATA 	Keypress: b
89.9551 	EXP 	text_2: autoDraw = False
89.9551 	EXP 	text_3: autoDraw = True
91.6119 	DATA 	Keypress: c
91.6426 	EXP 	text_3: autoDraw = False
91.6426 	EXP 	polygon_3: autoDraw = True
92.5183 	DATA 	Keypress: b
107.6428 	DATA 	Keypress: s
107.6598 	EXP 	Imported sad.csv as conditions, 10 conditions, 2 params
107.6602 	EXP 	Created sequence: random, trialTypes=10, nReps=1, seed=None
107.6607 	EXP 	New trial (rep=0, index=0): OrderedDict([('stimulus', 'POFA/fMRI_POFA/049a.tif'), ('gender', 'f')])
107.7048 	EXP 	polygon_3: autoDraw = False
107.7048 	EXP 	image_2: image = 'POFA/fMRI_POFA/049a.tif'
107.7048 	EXP 	image_2: autoDraw = True
108.2837 	DATA 	Keypress: c
110.6604 	EXP 	New trial (rep=0, index=1): OrderedDict([('stimulus', 'POFA/fMRI_POFA/094a.tif'), ('gender', 'f')])
110.7202 	EXP 	image_2: autoDraw = False
110.7202 	EXP 	image_2: image = 'POFA/fMRI_POFA/094a.tif'
110.7202 	EXP 	image_2: autoDraw = True
111.2537 	DATA 	Keypress: c
113.6600 	EXP 	New trial (rep=0, index=2): OrderedDict([('stimulus', 'POFA/fMRI_POFA/033a-sad.tif'), ('gender', 'm')])
113.7202 	EXP 	image_2: autoDraw = False
113.7202 	EXP 	image_2: image = 'POFA/fMRI_POFA/033a-sad.tif'
113.7202 	EXP 	image_2: autoDraw = True
114.2372 	DATA 	Keypress: b
116.6600 	EXP 	New trial (rep=0, index=3): OrderedDict([('stimulus', 'POFA/fMRI_POFA/067a.tif'), ('gender', 'f')])
116.7203 	EXP 	image_2: autoDraw = False
116.7203 	EXP 	image_2: image = 'POFA/fMRI_POFA/067a.tif'
116.7203 	EXP 	image_2: autoDraw = True
117.1747 	DATA 	Keypress: c
119.6601 	EXP 	New trial (rep=0, index=4): OrderedDict([('stimulus', 'POFA/fMRI_POFA/023a.tif'), ('gender', 'm')])
119.7205 	EXP 	image_2: autoDraw = False
119.7205 	EXP 	image_2: image = 'POFA/fMRI_POFA/023a.tif'
119.7205 	EXP 	image_2: autoDraw = True
120.2372 	DATA 	Keypress: b
122.6601 	EXP 	New trial (rep=0, index=5): OrderedDict([('stimulus', 'POFA/fMRI_POFA/002a.tif'), ('gender', 'f')])
122.7203 	EXP 	image_2: autoDraw = False
122.7203 	EXP 	image_2: image = 'POFA/fMRI_POFA/002a.tif'
122.7203 	EXP 	image_2: autoDraw = True
123.1591 	DATA 	Keypress: c
125.6601 	EXP 	New trial (rep=0, index=6): OrderedDict([('stimulus', 'POFA/fMRI_POFA/058a.tif'), ('gender', 'f')])
125.7204 	EXP 	image_2: autoDraw = False
125.7204 	EXP 	image_2: image = 'POFA/fMRI_POFA/058a.tif'
125.7204 	EXP 	image_2: autoDraw = True
126.2685 	DATA 	Keypress: c
128.6602 	EXP 	New trial (rep=0, index=7): OrderedDict([('stimulus', 'POFA/fMRI_POFA/086a.tif'), ('gender', 'f')])
128.7204 	EXP 	image_2: autoDraw = False
128.7204 	EXP 	image_2: image = 'POFA/fMRI_POFA/086a.tif'
128.7204 	EXP 	image_2: autoDraw = True
129.2373 	DATA 	Keypress: c
131.6602 	EXP 	New trial (rep=0, index=8): OrderedDict([('stimulus', 'POFA/fMRI_POFA/015a.tif'), ('gender', 'm')])
131.7205 	EXP 	image_2: autoDraw = False
131.7205 	EXP 	image_2: image = 'POFA/fMRI_POFA/015a.tif'
131.7205 	EXP 	image_2: autoDraw = True
132.2217 	DATA 	Keypress: b
134.6446 	EXP 	New trial (rep=0, index=9): OrderedDict([('stimulus', 'POFA/fMRI_POFA/008a.tif'), ('gender', 'f')])
134.6895 	EXP 	image_2: autoDraw = False
134.6895 	EXP 	image_2: image = 'POFA/fMRI_POFA/008a.tif'
134.6895 	EXP 	image_2: autoDraw = True
135.1749 	DATA 	Keypress: c
137.6595 	EXP 	Imported neutral.csv as conditions, 10 conditions, 2 params
137.6601 	EXP 	Created sequence: random, trialTypes=10, nReps=1, seed=None
137.6606 	EXP 	New trial (rep=0, index=0): OrderedDict([('stimulus', 'POFA/fMRI_POFA/041a.tif'), ('gender', 'm')])
137.7050 	EXP 	image_2: autoDraw = False
137.7050 	EXP 	image_4: image = 'POFA/fMRI_POFA/041a.tif'
137.7050 	EXP 	image_4: autoDraw = True
138.1280 	DATA 	Keypress: b
140.6450 	EXP 	New trial (rep=0, index=1): OrderedDict([('stimulus', 'POFA/fMRI_POFA/047a.tif'), ('gender', 'f')])
140.7049 	EXP 	image_4: autoDraw = False
140.7049 	EXP 	image_4: image = 'POFA/fMRI_POFA/047a.tif'
140.7049 	EXP 	image_4: autoDraw = True
141.5968 	DATA 	Keypress: c
143.6446 	EXP 	New trial (rep=0, index=2): OrderedDict([('stimulus', 'POFA/fMRI_POFA/006a.tif'), ('gender', 'f')])
143.6896 	EXP 	image_4: autoDraw = False
143.6896 	EXP 	image_4: image = 'POFA/fMRI_POFA/006a.tif'
143.6896 	EXP 	image_4: autoDraw = True
144.3156 	DATA 	Keypress: c
146.6446 	EXP 	New trial (rep=0, index=3): OrderedDict([('stimulus', 'POFA/fMRI_POFA/028a.tif'), ('gender', 'm')])
146.6896 	EXP 	image_4: autoDraw = False
146.6896 	EXP 	image_4: image = 'POFA/fMRI_POFA/028a.tif'
146.6896 	EXP 	image_4: autoDraw = True
147.1593 	DATA 	Keypress: b
149.6447 	EXP 	New trial (rep=0, index=4): OrderedDict([('stimulus', 'POFA/fMRI_POFA/083a.tif'), ('gender', 'm')])
149.6897 	EXP 	image_4: autoDraw = False
149.6897 	EXP 	image_4: image = 'POFA/fMRI_POFA/083a.tif'
149.6897 	EXP 	image_4: autoDraw = True
150.2376 	DATA 	Keypress: b
152.6447 	EXP 	New trial (rep=0, index=5): OrderedDict([('stimulus', 'POFA/fMRI_POFA/072a.tif'), ('gender', 'f')])
152.6897 	EXP 	image_4: autoDraw = False
152.6897 	EXP 	image_4: image = 'POFA/fMRI_POFA/072a.tif'
152.6897 	EXP 	image_4: autoDraw = True
153.1282 	DATA 	Keypress: c
155.6447 	EXP 	New trial (rep=0, index=6): OrderedDict([('stimulus', 'POFA/fMRI_POFA/033a.tif'), ('gender', 'm')])
155.6897 	EXP 	image_4: autoDraw = False
155.6897 	EXP 	image_4: image = 'POFA/fMRI_POFA/033a.tif'
155.6897 	EXP 	image_4: autoDraw = True
156.3000 	DATA 	Keypress: b
158.6448 	EXP 	New trial (rep=0, index=7): OrderedDict([('stimulus', 'POFA/fMRI_POFA/056a.tif'), ('gender', 'f')])
158.6898 	EXP 	image_4: autoDraw = False
158.6898 	EXP 	image_4: image = 'POFA/fMRI_POFA/056a.tif'
158.6898 	EXP 	image_4: autoDraw = True
159.2221 	DATA 	Keypress: c
161.6449 	EXP 	New trial (rep=0, index=8): OrderedDict([('stimulus', 'POFA/fMRI_POFA/013a.tif'), ('gender', 'f')])
161.6898 	EXP 	image_4: autoDraw = False
161.6898 	EXP 	image_4: image = 'POFA/fMRI_POFA/013a.tif'
161.6898 	EXP 	image_4: autoDraw = True
162.3626 	DATA 	Keypress: c
164.6449 	EXP 	New trial (rep=0, index=9): OrderedDict([('stimulus', 'POFA/fMRI_POFA/021a.tif'), ('gender', 'm')])
164.6898 	EXP 	image_4: autoDraw = False
164.6898 	EXP 	image_4: image = 'POFA/fMRI_POFA/021a.tif'
164.6898 	EXP 	image_4: autoDraw = True
165.2220 	DATA 	Keypress: b
167.6597 	EXP 	Imported blank.csv as conditions, 10 conditions, 2 params
167.6603 	EXP 	Created sequence: random, trialTypes=10, nReps=1, seed=None
167.6608 	EXP 	New trial (rep=0, index=0): OrderedDict([('x', -0.2), ('y', -0.4)])
167.6742 	EXP 	image_4: autoDraw = False
167.6742 	EXP 	polygon: pos = array([-0.2, -0.4])
167.6742 	EXP 	polygon: autoDraw = True
168.3783 	DATA 	Keypress: c
170.6453 	EXP 	New trial (rep=0, index=1): OrderedDict([('x', 0.0), ('y', 0.4)])
170.6590 	EXP 	polygon: autoDraw = False
170.6590 	EXP 	polygon: pos = array([0. , 0.4])
170.6590 	EXP 	polygon: autoDraw = True
171.0503 	DATA 	Keypress: b
173.6449 	EXP 	New trial (rep=0, index=2): OrderedDict([('x', -0.2), ('y', -0.2)])
173.6590 	EXP 	polygon: autoDraw = False
173.6590 	EXP 	polygon: pos = array([-0.2, -0.2])
173.6590 	EXP 	polygon: autoDraw = True
173.9891 	DATA 	Keypress: c
176.6450 	EXP 	New trial (rep=0, index=3): OrderedDict([('x', 0.0), ('y', 0.2)])
176.6590 	EXP 	polygon: autoDraw = False
176.6590 	EXP 	polygon: pos = array([0. , 0.2])
176.6590 	EXP 	polygon: autoDraw = True
176.9254 	DATA 	Keypress: b
179.6450 	EXP 	New trial (rep=0, index=4): OrderedDict([('x', -0.4), ('y', 0.2)])
179.6591 	EXP 	polygon: autoDraw = False
179.6591 	EXP 	polygon: pos = array([-0.4,  0.2])
179.6591 	EXP 	polygon: autoDraw = True
179.9097 	DATA 	Keypress: c
182.6450 	EXP 	New trial (rep=0, index=5): OrderedDict([('x', 0.4), ('y', -0.2)])
182.6591 	EXP 	polygon: autoDraw = False
182.6591 	EXP 	polygon: pos = array([ 0.4, -0.2])
182.6591 	EXP 	polygon: autoDraw = True
182.8942 	DATA 	Keypress: b
185.6451 	EXP 	New trial (rep=0, index=6): OrderedDict([('x', 0.4), ('y', 0.4)])
185.6591 	EXP 	polygon: autoDraw = False
185.6591 	EXP 	polygon: pos = array([0.4, 0.4])
185.6591 	EXP 	polygon: autoDraw = True
185.9410 	DATA 	Keypress: c
188.6451 	EXP 	New trial (rep=0, index=7): OrderedDict([('x', 0.2), ('y', -0.4)])
188.6592 	EXP 	polygon: autoDraw = False
188.6592 	EXP 	polygon: pos = array([ 0.2, -0.4])
188.6592 	EXP 	polygon: autoDraw = True
188.9411 	DATA 	Keypress: b
191.6452 	EXP 	New trial (rep=0, index=8): OrderedDict([('x', 0.2), ('y', 0.0)])
191.6592 	EXP 	polygon: autoDraw = False
191.6592 	EXP 	polygon: pos = array([0.2, 0. ])
191.6592 	EXP 	polygon: autoDraw = True
191.9255 	DATA 	Keypress: c
194.6452 	EXP 	New trial (rep=0, index=9): OrderedDict([('x', -0.4), ('y', 0.0)])
194.6592 	EXP 	polygon: autoDraw = False
194.6592 	EXP 	polygon: pos = array([-0.4,  0. ])
194.6592 	EXP 	polygon: autoDraw = True
194.9880 	DATA 	Keypress: b
197.6602 	EXP 	Imported angry.csv as conditions, 10 conditions, 2 params
197.6608 	EXP 	Created sequence: random, trialTypes=10, nReps=1, seed=None
197.6613 	EXP 	New trial (rep=0, index=0): OrderedDict([('stimulus', 'POFA/fMRI_POFA/030a.tif'), ('gender', 'm')])
197.6985 	EXP 	polygon: autoDraw = False
197.6985 	EXP 	image_3: image = 'POFA/fMRI_POFA/030a.tif'
197.6985 	EXP 	image_3: autoDraw = True
198.1599 	DATA 	Keypress: c
200.6457 	EXP 	New trial (rep=0, index=1): OrderedDict([('stimulus', 'POFA/fMRI_POFA/038a.tif'), ('gender', 'm')])
200.7055 	EXP 	image_3: autoDraw = False
200.7055 	EXP 	image_3: image = 'POFA/fMRI_POFA/038a.tif'
200.7055 	EXP 	image_3: autoDraw = True
201.2224 	DATA 	Keypress: b
203.6453 	EXP 	New trial (rep=0, index=2): OrderedDict([('stimulus', 'POFA/fMRI_POFA/003a.tif'), ('gender', 'f')])
203.7215 	EXP 	image_3: autoDraw = False
203.7215 	EXP 	image_3: image = 'POFA/fMRI_POFA/003a.tif'
203.7215 	EXP 	image_3: autoDraw = True
204.1599 	DATA 	Keypress: c
206.6454 	EXP 	New trial (rep=0, index=3): OrderedDict([('stimulus', 'POFA/fMRI_POFA/018a.tif'), ('gender', 'm')])
206.7058 	EXP 	image_3: autoDraw = False
206.7058 	EXP 	image_3: image = 'POFA/fMRI_POFA/018a.tif'
206.7058 	EXP 	image_3: autoDraw = True
207.2225 	DATA 	Keypress: b
209.6454 	EXP 	New trial (rep=0, index=4): OrderedDict([('stimulus', 'POFA/fMRI_POFA/061a.tif'), ('gender', 'f')])
209.6903 	EXP 	image_3: autoDraw = False
209.6903 	EXP 	image_3: image = 'POFA/fMRI_POFA/061a.tif'
209.6903 	EXP 	image_3: autoDraw = True
210.5037 	DATA 	Keypress: c
212.6454 	EXP 	New trial (rep=0, index=5): OrderedDict([('stimulus', 'POFA/fMRI_POFA/010a.tif'), ('gender', 'f')])
212.6903 	EXP 	image_3: autoDraw = False
212.6903 	EXP 	image_3: image = 'POFA/fMRI_POFA/010a.tif'
212.6903 	EXP 	image_3: autoDraw = True
213.2695 	DATA 	Keypress: c
215.6454 	EXP 	New trial (rep=0, index=6): OrderedDict([('stimulus', 'POFA/fMRI_POFA/044a.tif'), ('gender', 'f')])
215.6904 	EXP 	image_3: autoDraw = False
215.6904 	EXP 	image_3: image = 'POFA/fMRI_POFA/044a.tif'
215.6904 	EXP 	image_3: autoDraw = True
216.2538 	DATA 	Keypress: c
218.6454 	EXP 	New trial (rep=0, index=7): OrderedDict([('stimulus', 'POFA/fMRI_POFA/025a.tif'), ('gender', 'm')])
218.6903 	EXP 	image_3: autoDraw = False
218.6903 	EXP 	image_3: image = 'POFA/fMRI_POFA/025a.tif'
218.6903 	EXP 	image_3: autoDraw = True
219.1288 	DATA 	Keypress: b
221.6455 	EXP 	New trial (rep=0, index=8): OrderedDict([('stimulus', 'POFA/fMRI_POFA/069a.tif'), ('gender', 'f')])
221.6907 	EXP 	image_3: autoDraw = False
221.6907 	EXP 	image_3: image = 'POFA/fMRI_POFA/069a.tif'
221.6907 	EXP 	image_3: autoDraw = True
222.2696 	DATA 	Keypress: c
224.6455 	EXP 	New trial (rep=0, index=9): OrderedDict([('stimulus', 'POFA/fMRI_POFA/053a.tif'), ('gender', 'f')])
224.6904 	EXP 	image_3: autoDraw = False
224.6904 	EXP 	image_3: image = 'POFA/fMRI_POFA/053a.tif'
224.6904 	EXP 	image_3: autoDraw = True
225.4571 	DATA 	Keypress: c
227.6600 	EXP 	Imported scrambled.csv as conditions, 10 conditions, 1 params
227.6605 	EXP 	Created sequence: random, trialTypes=10, nReps=1, seed=None
227.6610 	EXP 	New trial (rep=0, index=0): OrderedDict([('stimulus', 'POFA/fMRI_POFA/013c.tif')])
227.7058 	EXP 	image_3: autoDraw = False
227.7058 	EXP 	image_5: image = 'POFA/fMRI_POFA/013c.tif'
227.7058 	EXP 	image_5: autoDraw = True
228.3946 	DATA 	Keypress: b
230.6460 	EXP 	New trial (rep=0, index=1): OrderedDict([('stimulus', 'POFA/fMRI_POFA/021c.tif')])
230.7061 	EXP 	image_5: autoDraw = False
230.7061 	EXP 	image_5: image = 'POFA/fMRI_POFA/021c.tif'
230.7061 	EXP 	image_5: autoDraw = True
231.3788 	DATA 	Keypress: c
233.6456 	EXP 	New trial (rep=0, index=2): OrderedDict([('stimulus', 'POFA/fMRI_POFA/083c.tif')])
233.7065 	EXP 	image_5: autoDraw = False
233.7065 	EXP 	image_5: image = 'POFA/fMRI_POFA/083c.tif'
233.7065 	EXP 	image_5: autoDraw = True
233.9728 	DATA 	Keypress: b
236.6456 	EXP 	New trial (rep=0, index=3): OrderedDict([('stimulus', 'POFA/fMRI_POFA/033c.tif')])
236.6906 	EXP 	image_5: autoDraw = False
236.6906 	EXP 	image_5: image = 'POFA/fMRI_POFA/033c.tif'
236.6906 	EXP 	image_5: autoDraw = True
236.9886 	DATA 	Keypress: c
239.6457 	EXP 	New trial (rep=0, index=4): OrderedDict([('stimulus', 'POFA/fMRI_POFA/072c.tif')])
239.6907 	EXP 	image_5: autoDraw = False
239.6907 	EXP 	image_5: image = 'POFA/fMRI_POFA/072c.tif'
239.6907 	EXP 	image_5: autoDraw = True
239.9260 	DATA 	Keypress: b
242.6457 	EXP 	New trial (rep=0, index=5): OrderedDict([('stimulus', 'POFA/fMRI_POFA/033c.tif')])
242.6907 	EXP 	image_5: autoDraw = False
242.6907 	EXP 	image_5: image = 'POFA/fMRI_POFA/033c.tif'
242.6907 	EXP 	image_5: autoDraw = True
242.9102 	DATA 	Keypress: c
245.6457 	EXP 	New trial (rep=0, index=6): OrderedDict([('stimulus', 'POFA/fMRI_POFA/021c.tif')])
245.7061 	EXP 	image_5: autoDraw = False
245.7061 	EXP 	image_5: image = 'POFA/fMRI_POFA/021c.tif'
245.7061 	EXP 	image_5: autoDraw = True
245.9259 	DATA 	Keypress: b
248.6457 	EXP 	New trial (rep=0, index=7): OrderedDict([('stimulus', 'POFA/fMRI_POFA/006c.tif')])
248.6908 	EXP 	image_5: autoDraw = False
248.6908 	EXP 	image_5: image = 'POFA/fMRI_POFA/006c.tif'
248.6908 	EXP 	image_5: autoDraw = True
248.9104 	DATA 	Keypress: c
251.6457 	EXP 	New trial (rep=0, index=8): OrderedDict([('stimulus', 'POFA/fMRI_POFA/006c.tif')])
251.7067 	EXP 	image_5: autoDraw = False
251.7067 	EXP 	image_5: image = 'POFA/fMRI_POFA/006c.tif'
251.7067 	EXP 	image_5: autoDraw = True
254.6455 	EXP 	New trial (rep=0, index=9): OrderedDict([('stimulus', 'POFA/fMRI_POFA/013c.tif')])
254.6858 	EXP 	image_5: autoDraw = False
254.6858 	EXP 	image_5: image = 'POFA/fMRI_POFA/013c.tif'
254.6858 	EXP 	image_5: autoDraw = True
255.1604 	DATA 	Keypress: b
257.6605 	EXP 	Imported happy.csv as conditions, 10 conditions, 2 params
257.6611 	EXP 	Created sequence: random, trialTypes=10, nReps=1, seed=None
257.6617 	EXP 	New trial (rep=0, index=0): OrderedDict([('stimulus', 'POFA/fMRI_POFA/042a.tif'), ('gender', 'f')])
257.7063 	EXP 	image_5: autoDraw = False
257.7063 	EXP 	image: image = 'POFA/fMRI_POFA/042a.tif'
257.7063 	EXP 	image: autoDraw = True
258.2699 	DATA 	Keypress: c
260.6462 	EXP 	New trial (rep=0, index=1): OrderedDict([('stimulus', 'POFA/fMRI_POFA/007a.tif'), ('gender', 'f')])
260.6859 	EXP 	image: autoDraw = False
260.6859 	EXP 	image: image = 'POFA/fMRI_POFA/007a.tif'
260.6859 	EXP 	image: autoDraw = True
261.2543 	DATA 	Keypress: c
263.6458 	EXP 	New trial (rep=0, index=2): OrderedDict([('stimulus', 'POFA/fMRI_POFA/066a.tif'), ('gender', 'f')])
263.6906 	EXP 	image: autoDraw = False
263.6906 	EXP 	image: image = 'POFA/fMRI_POFA/066a.tif'
263.6906 	EXP 	image: autoDraw = True
264.1448 	DATA 	Keypress: c
266.6459 	EXP 	New trial (rep=0, index=3): OrderedDict([('stimulus', 'POFA/fMRI_POFA/001a.tif'), ('gender', 'f')])
266.6906 	EXP 	image: autoDraw = False
266.6906 	EXP 	image: image = 'POFA/fMRI_POFA/001a.tif'
266.6906 	EXP 	image: autoDraw = True
267.1293 	DATA 	Keypress: c
269.6461 	EXP 	New trial (rep=0, index=4): OrderedDict([('stimulus', 'POFA/fMRI_POFA/101a.tif'), ('gender', 'm')])
269.6906 	EXP 	image: autoDraw = False
269.6906 	EXP 	image: image = 'POFA/fMRI_POFA/101a.tif'
269.6906 	EXP 	image: autoDraw = True
270.2543 	DATA 	Keypress: b
272.6459 	EXP 	New trial (rep=0, index=5): OrderedDict([('stimulus', 'POFA/fMRI_POFA/048a.tif'), ('gender', 'f')])
272.6906 	EXP 	image: autoDraw = False
272.6906 	EXP 	image: image = 'POFA/fMRI_POFA/048a.tif'
272.6906 	EXP 	image: autoDraw = True
273.2702 	DATA 	Keypress: c
275.6460 	EXP 	New trial (rep=0, index=6): OrderedDict([('stimulus', 'POFA/fMRI_POFA/093a.tif'), ('gender', 'f')])
275.6906 	EXP 	image: autoDraw = False
275.6906 	EXP 	image: image = 'POFA/fMRI_POFA/093a.tif'
275.6906 	EXP 	image: autoDraw = True
276.2387 	DATA 	Keypress: c
278.6460 	EXP 	New trial (rep=0, index=7): OrderedDict([('stimulus', 'POFA/fMRI_POFA/014a.tif'), ('gender', 'm')])
278.6907 	EXP 	image: autoDraw = False
278.6907 	EXP 	image: image = 'POFA/fMRI_POFA/014a.tif'
278.6907 	EXP 	image: autoDraw = True
279.1919 	DATA 	Keypress: b
281.6460 	EXP 	New trial (rep=0, index=8): OrderedDict([('stimulus', 'POFA/fMRI_POFA/084a.tif'), ('gender', 'f')])
281.6908 	EXP 	image: autoDraw = False
281.6908 	EXP 	image: image = 'POFA/fMRI_POFA/084a.tif'
281.6908 	EXP 	image: autoDraw = True
282.1607 	DATA 	Keypress: c
284.6462 	EXP 	New trial (rep=0, index=9): OrderedDict([('stimulus', 'POFA/fMRI_POFA/057a.tif'), ('gender', 'f')])
284.6907 	EXP 	image: autoDraw = False
284.6907 	EXP 	image: image = 'POFA/fMRI_POFA/057a.tif'
284.6907 	EXP 	image: autoDraw = True
285.3482 	DATA 	Keypress: c
287.6627 	EXP 	Imported sad.csv as conditions, 10 conditions, 2 params
287.6636 	EXP 	Created sequence: random, trialTypes=10, nReps=1, seed=None
287.6645 	EXP 	New trial (rep=0, index=0): OrderedDict([('stimulus', 'POFA/fMRI_POFA/086a.tif'), ('gender', 'f')])
287.7064 	EXP 	image: autoDraw = False
287.7064 	EXP 	image_2: image = 'POFA/fMRI_POFA/086a.tif'
287.7064 	EXP 	image_2: autoDraw = True
288.1920 	DATA 	Keypress: c
290.6468 	EXP 	New trial (rep=0, index=1): OrderedDict([('stimulus', 'POFA/fMRI_POFA/058a.tif'), ('gender', 'f')])
290.6909 	EXP 	image_2: autoDraw = False
290.6909 	EXP 	image_2: image = 'POFA/fMRI_POFA/058a.tif'
290.6909 	EXP 	image_2: autoDraw = True
291.2077 	DATA 	Keypress: c
293.6462 	EXP 	New trial (rep=0, index=2): OrderedDict([('stimulus', 'POFA/fMRI_POFA/002a.tif'), ('gender', 'f')])
293.6909 	EXP 	image_2: autoDraw = False
293.6909 	EXP 	image_2: image = 'POFA/fMRI_POFA/002a.tif'
293.6909 	EXP 	image_2: autoDraw = True
294.1139 	DATA 	Keypress: c
296.6463 	EXP 	New trial (rep=0, index=3): OrderedDict([('stimulus', 'POFA/fMRI_POFA/094a.tif'), ('gender', 'f')])
296.6908 	EXP 	image_2: autoDraw = False
296.6908 	EXP 	image_2: image = 'POFA/fMRI_POFA/094a.tif'
296.6908 	EXP 	image_2: autoDraw = True
297.1608 	DATA 	Keypress: c
299.6456 	EXP 	New trial (rep=0, index=4): OrderedDict([('stimulus', 'POFA/fMRI_POFA/067a.tif'), ('gender', 'f')])
299.6908 	EXP 	image_2: autoDraw = False
299.6908 	EXP 	image_2: image = 'POFA/fMRI_POFA/067a.tif'
299.6908 	EXP 	image_2: autoDraw = True
300.1605 	DATA 	Keypress: c
302.6446 	EXP 	New trial (rep=0, index=5): OrderedDict([('stimulus', 'POFA/fMRI_POFA/049a.tif'), ('gender', 'f')])
302.6754 	EXP 	image_2: autoDraw = False
302.6754 	EXP 	image_2: image = 'POFA/fMRI_POFA/049a.tif'
302.6754 	EXP 	image_2: autoDraw = True
303.3163 	DATA 	Keypress: c
305.6463 	EXP 	New trial (rep=0, index=6): OrderedDict([('stimulus', 'POFA/fMRI_POFA/015a.tif'), ('gender', 'm')])
305.6910 	EXP 	image_2: autoDraw = False
305.6910 	EXP 	image_2: image = 'POFA/fMRI_POFA/015a.tif'
305.6910 	EXP 	image_2: autoDraw = True
306.2703 	DATA 	Keypress: b
308.6462 	EXP 	New trial (rep=0, index=7): OrderedDict([('stimulus', 'POFA/fMRI_POFA/033a-sad.tif'), ('gender', 'm')])
308.6910 	EXP 	image_2: autoDraw = False
308.6910 	EXP 	image_2: image = 'POFA/fMRI_POFA/033a-sad.tif'
308.6910 	EXP 	image_2: autoDraw = True
309.1453 	DATA 	Keypress: b
311.6464 	EXP 	New trial (rep=0, index=8): OrderedDict([('stimulus', 'POFA/fMRI_POFA/008a.tif'), ('gender', 'f')])
311.6910 	EXP 	image_2: autoDraw = False
311.6910 	EXP 	image_2: image = 'POFA/fMRI_POFA/008a.tif'
311.6910 	EXP 	image_2: autoDraw = True
312.3173 	DATA 	Keypress: c
314.6465 	EXP 	New trial (rep=0, index=9): OrderedDict([('stimulus', 'POFA/fMRI_POFA/023a.tif'), ('gender', 'm')])
314.6912 	EXP 	image_2: autoDraw = False
314.6912 	EXP 	image_2: image = 'POFA/fMRI_POFA/023a.tif'
314.6912 	EXP 	image_2: autoDraw = True
315.2079 	DATA 	Keypress: b
317.6632 	EXP 	Imported neutral.csv as conditions, 10 conditions, 2 params
317.6641 	EXP 	Created sequence: random, trialTypes=10, nReps=1, seed=None
317.6651 	EXP 	New trial (rep=0, index=0): OrderedDict([('stimulus', 'POFA/fMRI_POFA/047a.tif'), ('gender', 'f')])
317.7067 	EXP 	image_2: autoDraw = False
317.7067 	EXP 	image_4: image = 'POFA/fMRI_POFA/047a.tif'
317.7067 	EXP 	image_4: autoDraw = True
318.4580 	DATA 	Keypress: c
320.6469 	EXP 	New trial (rep=0, index=1): OrderedDict([('stimulus', 'POFA/fMRI_POFA/028a.tif'), ('gender', 'm')])
320.6912 	EXP 	image_4: autoDraw = False
320.6912 	EXP 	image_4: image = 'POFA/fMRI_POFA/028a.tif'
320.6912 	EXP 	image_4: autoDraw = True
321.1924 	DATA 	Keypress: b
323.6465 	EXP 	New trial (rep=0, index=2): OrderedDict([('stimulus', 'POFA/fMRI_POFA/056a.tif'), ('gender', 'f')])
323.6912 	EXP 	image_4: autoDraw = False
323.6912 	EXP 	image_4: image = 'POFA/fMRI_POFA/056a.tif'
323.6912 	EXP 	image_4: autoDraw = True
324.2705 	DATA 	Keypress: c
326.6465 	EXP 	New trial (rep=0, index=3): OrderedDict([('stimulus', 'POFA/fMRI_POFA/072a.tif'), ('gender', 'f')])
326.6912 	EXP 	image_4: autoDraw = False
326.6912 	EXP 	image_4: image = 'POFA/fMRI_POFA/072a.tif'
326.6912 	EXP 	image_4: autoDraw = True
327.1924 	DATA 	Keypress: c
329.6465 	EXP 	New trial (rep=0, index=4): OrderedDict([('stimulus', 'POFA/fMRI_POFA/006a.tif'), ('gender', 'f')])
329.6912 	EXP 	image_4: autoDraw = False
329.6912 	EXP 	image_4: image = 'POFA/fMRI_POFA/006a.tif'
329.6912 	EXP 	image_4: autoDraw = True
330.2237 	DATA 	Keypress: c
332.6467 	EXP 	New trial (rep=0, index=5): OrderedDict([('stimulus', 'POFA/fMRI_POFA/083a.tif'), ('gender', 'm')])
332.6912 	EXP 	image_4: autoDraw = False
332.6912 	EXP 	image_4: image = 'POFA/fMRI_POFA/083a.tif'
332.6912 	EXP 	image_4: autoDraw = True
333.2863 	DATA 	Keypress: b
335.6468 	EXP 	New trial (rep=0, index=6): OrderedDict([('stimulus', 'POFA/fMRI_POFA/041a.tif'), ('gender', 'm')])
335.6913 	EXP 	image_4: autoDraw = False
335.6913 	EXP 	image_4: image = 'POFA/fMRI_POFA/041a.tif'
335.6913 	EXP 	image_4: autoDraw = True
336.2394 	DATA 	Keypress: b
338.6468 	EXP 	New trial (rep=0, index=7): OrderedDict([('stimulus', 'POFA/fMRI_POFA/021a.tif'), ('gender', 'm')])
338.6914 	EXP 	image_4: autoDraw = False
338.6914 	EXP 	image_4: image = 'POFA/fMRI_POFA/021a.tif'
338.6914 	EXP 	image_4: autoDraw = True
339.1611 	DATA 	Keypress: b
341.6466 	EXP 	New trial (rep=0, index=8): OrderedDict([('stimulus', 'POFA/fMRI_POFA/013a.tif'), ('gender', 'f')])
341.6913 	EXP 	image_4: autoDraw = False
341.6913 	EXP 	image_4: image = 'POFA/fMRI_POFA/013a.tif'
341.6913 	EXP 	image_4: autoDraw = True
342.2394 	DATA 	Keypress: c
344.6469 	EXP 	New trial (rep=0, index=9): OrderedDict([('stimulus', 'POFA/fMRI_POFA/033a.tif'), ('gender', 'm')])
344.6913 	EXP 	image_4: autoDraw = False
344.6913 	EXP 	image_4: image = 'POFA/fMRI_POFA/033a.tif'
344.6913 	EXP 	image_4: autoDraw = True
345.1769 	DATA 	Keypress: b
347.6626 	EXP 	Imported blank.csv as conditions, 10 conditions, 2 params
347.6636 	EXP 	Created sequence: random, trialTypes=10, nReps=1, seed=None
347.6645 	EXP 	New trial (rep=0, index=0): OrderedDict([('x', 0.2), ('y', 0.0)])
347.6759 	EXP 	image_4: autoDraw = False
347.6759 	EXP 	polygon: pos = array([0.2, 0. ])
347.6759 	EXP 	polygon: autoDraw = True
348.4125 	DATA 	Keypress: c
350.6473 	EXP 	New trial (rep=0, index=1): OrderedDict([('x', -0.4), ('y', 0.2)])
350.6608 	EXP 	polygon: autoDraw = False
350.6608 	EXP 	polygon: pos = array([-0.4,  0.2])
350.6608 	EXP 	polygon: autoDraw = True
351.0520 	DATA 	Keypress: b
353.6469 	EXP 	New trial (rep=0, index=2): OrderedDict([('x', 0.4), ('y', 0.4)])
353.6608 	EXP 	polygon: autoDraw = False
353.6608 	EXP 	polygon: pos = array([0.4, 0.4])
353.6608 	EXP 	polygon: autoDraw = True
353.9270 	DATA 	Keypress: c
356.6470 	EXP 	New trial (rep=0, index=3): OrderedDict([('x', -0.4), ('y', 0.0)])
356.6609 	EXP 	polygon: autoDraw = False
356.6609 	EXP 	polygon: pos = array([-0.4,  0. ])
356.6609 	EXP 	polygon: autoDraw = True
356.9427 	DATA 	Keypress: b
359.6470 	EXP 	New trial (rep=0, index=4): OrderedDict([('x', -0.2), ('y', -0.2)])
359.6609 	EXP 	polygon: autoDraw = False
359.6609 	EXP 	polygon: pos = array([-0.2, -0.2])
359.6609 	EXP 	polygon: autoDraw = True
360.0053 	DATA 	Keypress: c
362.6470 	EXP 	New trial (rep=0, index=5): OrderedDict([('x', 0.4), ('y', -0.2)])
362.6609 	EXP 	polygon: autoDraw = False
362.6609 	EXP 	polygon: pos = array([ 0.4, -0.2])
362.6609 	EXP 	polygon: autoDraw = True
362.9427 	DATA 	Keypress: b
365.6470 	EXP 	New trial (rep=0, index=6): OrderedDict([('x', 0.0), ('y', 0.4)])
365.6609 	EXP 	polygon: autoDraw = False
365.6609 	EXP 	polygon: pos = array([0. , 0.4])
365.6609 	EXP 	polygon: autoDraw = True
366.0834 	DATA 	Keypress: c
368.6472 	EXP 	New trial (rep=0, index=7): OrderedDict([('x', -0.2), ('y', -0.4)])
368.6610 	EXP 	polygon: autoDraw = False
368.6610 	EXP 	polygon: pos = array([-0.2, -0.4])
368.6610 	EXP 	polygon: autoDraw = True
368.9897 	DATA 	Keypress: b
371.6472 	EXP 	New trial (rep=0, index=8): OrderedDict([('x', 0.0), ('y', 0.2)])
371.6610 	EXP 	polygon: autoDraw = False
371.6610 	EXP 	polygon: pos = array([0. , 0.2])
371.6610 	EXP 	polygon: autoDraw = True
371.9272 	DATA 	Keypress: c
374.6472 	EXP 	New trial (rep=0, index=9): OrderedDict([('x', 0.2), ('y', -0.4)])
374.6611 	EXP 	polygon: autoDraw = False
374.6611 	EXP 	polygon: pos = array([ 0.2, -0.4])
374.6611 	EXP 	polygon: autoDraw = True
374.9116 	DATA 	Keypress: b
377.6635 	EXP 	Imported angry.csv as conditions, 10 conditions, 2 params
377.6645 	EXP 	Created sequence: random, trialTypes=10, nReps=1, seed=None
377.6654 	EXP 	New trial (rep=0, index=0): OrderedDict([('stimulus', 'POFA/fMRI_POFA/003a.tif'), ('gender', 'f')])
377.7073 	EXP 	polygon: autoDraw = False
377.7073 	EXP 	image_3: image = 'POFA/fMRI_POFA/003a.tif'
377.7073 	EXP 	image_3: autoDraw = True
378.1929 	DATA 	Keypress: c
380.6479 	EXP 	New trial (rep=0, index=1): OrderedDict([('stimulus', 'POFA/fMRI_POFA/025a.tif'), ('gender', 'm')])
380.7079 	EXP 	image_3: autoDraw = False
380.7079 	EXP 	image_3: image = 'POFA/fMRI_POFA/025a.tif'
380.7079 	EXP 	image_3: autoDraw = True
381.2085 	DATA 	Keypress: b
383.6473 	EXP 	New trial (rep=0, index=2): OrderedDict([('stimulus', 'POFA/fMRI_POFA/061a.tif'), ('gender', 'f')])
383.7073 	EXP 	image_3: autoDraw = False
383.7073 	EXP 	image_3: image = 'POFA/fMRI_POFA/061a.tif'
383.7073 	EXP 	image_3: autoDraw = True
384.4586 	DATA 	Keypress: c
386.6473 	EXP 	New trial (rep=0, index=3): OrderedDict([('stimulus', 'POFA/fMRI_POFA/069a.tif'), ('gender', 'f')])
386.7075 	EXP 	image_3: autoDraw = False
386.7075 	EXP 	image_3: image = 'POFA/fMRI_POFA/069a.tif'
386.7075 	EXP 	image_3: autoDraw = True
387.3180 	DATA 	Keypress: c
389.6473 	EXP 	New trial (rep=0, index=4): OrderedDict([('stimulus', 'POFA/fMRI_POFA/010a.tif'), ('gender', 'f')])
389.7075 	EXP 	image_3: autoDraw = False
389.7075 	EXP 	image_3: image = 'POFA/fMRI_POFA/010a.tif'
389.7075 	EXP 	image_3: autoDraw = True
390.3180 	DATA 	Keypress: c
392.6473 	EXP 	New trial (rep=0, index=5): OrderedDict([('stimulus', 'POFA/fMRI_POFA/038a.tif'), ('gender', 'm')])
392.7074 	EXP 	image_3: autoDraw = False
392.7074 	EXP 	image_3: image = 'POFA/fMRI_POFA/038a.tif'
392.7074 	EXP 	image_3: autoDraw = True
393.1618 	DATA 	Keypress: b
395.6474 	EXP 	New trial (rep=0, index=6): OrderedDict([('stimulus', 'POFA/fMRI_POFA/044a.tif'), ('gender', 'f')])
395.7079 	EXP 	image_3: autoDraw = False
395.7079 	EXP 	image_3: image = 'POFA/fMRI_POFA/044a.tif'
395.7079 	EXP 	image_3: autoDraw = True
396.2400 	DATA 	Keypress: c
398.6474 	EXP 	New trial (rep=0, index=7): OrderedDict([('stimulus', 'POFA/fMRI_POFA/018a.tif'), ('gender', 'm')])
398.7076 	EXP 	image_3: autoDraw = False
398.7076 	EXP 	image_3: image = 'POFA/fMRI_POFA/018a.tif'
398.7076 	EXP 	image_3: autoDraw = True
399.1775 	DATA 	Keypress: b
401.6474 	EXP 	New trial (rep=0, index=8): OrderedDict([('stimulus', 'POFA/fMRI_POFA/030a.tif'), ('gender', 'm')])
401.6919 	EXP 	image_3: autoDraw = False
401.6919 	EXP 	image_3: image = 'POFA/fMRI_POFA/030a.tif'
401.6919 	EXP 	image_3: autoDraw = True
402.1002 	DATA 	Keypress: b
404.6475 	EXP 	New trial (rep=0, index=9): OrderedDict([('stimulus', 'POFA/fMRI_POFA/053a.tif'), ('gender', 'f')])
404.6920 	EXP 	image_3: autoDraw = False
404.6920 	EXP 	image_3: image = 'POFA/fMRI_POFA/053a.tif'
404.6920 	EXP 	image_3: autoDraw = True
405.3962 	DATA 	Keypress: c
407.6626 	EXP 	Imported scrambled.csv as conditions, 10 conditions, 1 params
407.6635 	EXP 	Created sequence: random, trialTypes=10, nReps=1, seed=None
407.6644 	EXP 	New trial (rep=0, index=0): OrderedDict([('stimulus', 'POFA/fMRI_POFA/021c.tif')])
407.6920 	EXP 	image_3: autoDraw = False
407.6920 	EXP 	image_5: image = 'POFA/fMRI_POFA/021c.tif'
407.6920 	EXP 	image_5: autoDraw = True
408.2713 	DATA 	Keypress: b
410.6480 	EXP 	New trial (rep=0, index=1): OrderedDict([('stimulus', 'POFA/fMRI_POFA/083c.tif')])
410.6921 	EXP 	image_5: autoDraw = False
410.6921 	EXP 	image_5: image = 'POFA/fMRI_POFA/083c.tif'
410.6921 	EXP 	image_5: autoDraw = True
410.9901 	DATA 	Keypress: c
413.6476 	EXP 	New trial (rep=0, index=2): OrderedDict([('stimulus', 'POFA/fMRI_POFA/021c.tif')])
413.6920 	EXP 	image_5: autoDraw = False
413.6920 	EXP 	image_5: image = 'POFA/fMRI_POFA/021c.tif'
413.6920 	EXP 	image_5: autoDraw = True
413.9432 	DATA 	Keypress: b
416.6475 	EXP 	New trial (rep=0, index=3): OrderedDict([('stimulus', 'POFA/fMRI_POFA/033c.tif')])
416.6920 	EXP 	image_5: autoDraw = False
416.6920 	EXP 	image_5: image = 'POFA/fMRI_POFA/033c.tif'
416.6920 	EXP 	image_5: autoDraw = True
416.9746 	DATA 	Keypress: c
419.6475 	EXP 	New trial (rep=0, index=4): OrderedDict([('stimulus', 'POFA/fMRI_POFA/006c.tif')])
419.6921 	EXP 	image_5: autoDraw = False
419.6921 	EXP 	image_5: image = 'POFA/fMRI_POFA/006c.tif'
419.6921 	EXP 	image_5: autoDraw = True
419.9589 	DATA 	Keypress: b
422.6476 	EXP 	New trial (rep=0, index=5): OrderedDict([('stimulus', 'POFA/fMRI_POFA/013c.tif')])
422.6921 	EXP 	image_5: autoDraw = False
422.6921 	EXP 	image_5: image = 'POFA/fMRI_POFA/013c.tif'
422.6921 	EXP 	image_5: autoDraw = True
422.9745 	DATA 	Keypress: c
425.6474 	EXP 	New trial (rep=0, index=6): OrderedDict([('stimulus', 'POFA/fMRI_POFA/072c.tif')])
425.6922 	EXP 	image_5: autoDraw = False
425.6922 	EXP 	image_5: image = 'POFA/fMRI_POFA/072c.tif'
425.6922 	EXP 	image_5: autoDraw = True
426.0528 	DATA 	Keypress: b
428.6476 	EXP 	New trial (rep=0, index=7): OrderedDict([('stimulus', 'POFA/fMRI_POFA/006c.tif')])
428.6921 	EXP 	image_5: autoDraw = False
428.6921 	EXP 	image_5: image = 'POFA/fMRI_POFA/006c.tif'
428.6921 	EXP 	image_5: autoDraw = True
429.0216 	DATA 	Keypress: c
431.6477 	EXP 	New trial (rep=0, index=8): OrderedDict([('stimulus', 'POFA/fMRI_POFA/013c.tif')])
431.6922 	EXP 	image_5: autoDraw = False
431.6922 	EXP 	image_5: image = 'POFA/fMRI_POFA/013c.tif'
431.6922 	EXP 	image_5: autoDraw = True
432.0372 	DATA 	Keypress: b
434.6478 	EXP 	New trial (rep=0, index=9): OrderedDict([('stimulus', 'POFA/fMRI_POFA/033c.tif')])
434.6923 	EXP 	image_5: autoDraw = False
434.6923 	EXP 	image_5: image = 'POFA/fMRI_POFA/033c.tif'
434.6923 	EXP 	image_5: autoDraw = True
434.9903 	DATA 	Keypress: c
437.6639 	EXP 	Imported happy.csv as conditions, 10 conditions, 2 params
437.6649 	EXP 	Created sequence: random, trialTypes=10, nReps=1, seed=None
437.6658 	EXP 	New trial (rep=0, index=0): OrderedDict([('stimulus', 'POFA/fMRI_POFA/101a.tif'), ('gender', 'm')])
437.7078 	EXP 	image_5: autoDraw = False
437.7078 	EXP 	image: image = 'POFA/fMRI_POFA/101a.tif'
437.7078 	EXP 	image: autoDraw = True
438.0372 	DATA 	Keypress: b
440.6482 	EXP 	New trial (rep=0, index=1): OrderedDict([('stimulus', 'POFA/fMRI_POFA/042a.tif'), ('gender', 'f')])
440.6923 	EXP 	image: autoDraw = False
440.6923 	EXP 	image: image = 'POFA/fMRI_POFA/042a.tif'
440.6923 	EXP 	image: autoDraw = True
441.1936 	DATA 	Keypress: c
443.6478 	EXP 	New trial (rep=0, index=2): OrderedDict([('stimulus', 'POFA/fMRI_POFA/007a.tif'), ('gender', 'f')])
443.6923 	EXP 	image: autoDraw = False
443.6923 	EXP 	image: image = 'POFA/fMRI_POFA/007a.tif'
443.6923 	EXP 	image: autoDraw = True
444.1779 	DATA 	Keypress: c
446.6478 	EXP 	New trial (rep=0, index=3): OrderedDict([('stimulus', 'POFA/fMRI_POFA/048a.tif'), ('gender', 'f')])
446.6925 	EXP 	image: autoDraw = False
446.6925 	EXP 	image: image = 'POFA/fMRI_POFA/048a.tif'
446.6925 	EXP 	image: autoDraw = True
447.2248 	DATA 	Keypress: c
449.6478 	EXP 	New trial (rep=0, index=4): OrderedDict([('stimulus', 'POFA/fMRI_POFA/014a.tif'), ('gender', 'm')])
449.7087 	EXP 	image: autoDraw = False
449.7087 	EXP 	image: image = 'POFA/fMRI_POFA/014a.tif'
449.7087 	EXP 	image: autoDraw = True
450.2092 	DATA 	Keypress: b
452.6479 	EXP 	New trial (rep=0, index=5): OrderedDict([('stimulus', 'POFA/fMRI_POFA/084a.tif'), ('gender', 'f')])
452.7081 	EXP 	image: autoDraw = False
452.7081 	EXP 	image: image = 'POFA/fMRI_POFA/084a.tif'
452.7081 	EXP 	image: autoDraw = True
453.2562 	DATA 	Keypress: c
455.6479 	EXP 	New trial (rep=0, index=6): OrderedDict([('stimulus', 'POFA/fMRI_POFA/001a.tif'), ('gender', 'f')])
455.6924 	EXP 	image: autoDraw = False
455.6924 	EXP 	image: image = 'POFA/fMRI_POFA/001a.tif'
455.6924 	EXP 	image: autoDraw = True
456.2249 	DATA 	Keypress: c
458.6479 	EXP 	New trial (rep=0, index=7): OrderedDict([('stimulus', 'POFA/fMRI_POFA/093a.tif'), ('gender', 'f')])
458.6924 	EXP 	image: autoDraw = False
458.6924 	EXP 	image: image = 'POFA/fMRI_POFA/093a.tif'
458.6924 	EXP 	image: autoDraw = True
459.2718 	DATA 	Keypress: c
461.6480 	EXP 	New trial (rep=0, index=8): OrderedDict([('stimulus', 'POFA/fMRI_POFA/057a.tif'), ('gender', 'f')])
461.6926 	EXP 	image: autoDraw = False
461.6926 	EXP 	image: image = 'POFA/fMRI_POFA/057a.tif'
461.6926 	EXP 	image: autoDraw = True
462.3031 	DATA 	Keypress: c
464.6480 	EXP 	New trial (rep=0, index=9): OrderedDict([('stimulus', 'POFA/fMRI_POFA/066a.tif'), ('gender', 'f')])
464.6925 	EXP 	image: autoDraw = False
464.6925 	EXP 	image: image = 'POFA/fMRI_POFA/066a.tif'
464.6925 	EXP 	image: autoDraw = True
465.2563 	DATA 	Keypress: c
467.6620 	EXP 	image: autoDraw = False
467.6620 	EXP 	polygon_2: autoDraw = True
477.7618 	EXP 	window1: mouseVisible = True
